

<!DOCTYPE html>
<html>
<head>
<meta charset="UTF-8">
<meta name="viewport" content="width=device-width, initial-scale=1, shrink-to-fit=no">
<title>Automation Report</title>
<link rel="apple-touch-icon" href="https://cdn.jsdelivr.net/gh/extent-framework/extent-github-cdn@b00a2d0486596e73dd7326beacf352c639623a0e/commons/img/logo.png">
<link rel="shortcut icon" href="https://cdn.jsdelivr.net/gh/extent-framework/extent-github-cdn@b00a2d0486596e73dd7326beacf352c639623a0e/commons/img/logo.png">
<link href="https://cdn.jsdelivr.net/gh/extent-framework/extent-github-cdn@d6562a79075e061305ccfdb82f01e5e195e2d307/spark/css/spark-style.css" rel="stylesheet" />
<link href="https://stackpath.bootstrapcdn.com/font-awesome/4.7.0/css/font-awesome.min.css" rel="stylesheet">
<script src="https://cdn.jsdelivr.net/gh/extent-framework/extent-github-cdn@7cc78ce/spark/js/jsontree.js"></script>
<style type="text/css"></style></head><body class="spa -report standard">
  <div class="app">
    <div class="layout">
<div class="header navbar">
<div class="vheader">
<div class="nav-logo">
<a href="#">
<div class="logo" style="background-image: url('https://cdn.jsdelivr.net/gh/extent-framework/extent-github-cdn@b00a2d0486596e73dd7326beacf352c639623a0e/commons/img/logo.png')"></div>
</a>
</div>
<ul class="nav-left">
<li class="search-box">
<a class="search-toggle" href="#">
<i class="search-icon fa fa-search"></i>
<i class="search-icon-close fa fa-close"></i>
</a>
</li>
<li class="search-input"><input id="search-tests" class="form-control" type="text" placeholder="Search..."></li>
</ul>
<ul class="nav-right">
<li class="m-r-10">
<a href="#"><span class="badge badge-primary">VisionWaves Test Report</span></a>
</li>
<li class="m-r-10">
<a href="#"><span class="badge badge-primary">Mar 24, 2025 04:42:01 PM</span></a>
</li>
</ul>
</div>
</div><div class="side-nav">
<div class="side-nav-inner">
<ul class="side-nav-menu">
<li class="nav-item dropdown" onclick="toggleView('test-view')">
<a id="nav-test" class="dropdown-toggle" href="#">
<span class="ico"><i class="fa fa-list"></i></span>
</a>
</li>
<li class="nav-item dropdown" onclick="toggleView('exception-view')">
<a id="nav-exception" class="dropdown-toggle" href="#">
<span class="ico"><i class="fa fa-bug"></i></span>
</a>
</li>
<li class="nav-item dropdown" onclick="toggleView('dashboard-view')">
<a id="nav-dashboard" class="dropdown-toggle" href="#">
<span class="ico"><i class="fa fa-bar-chart"></i></span>
</a>
</li>
</ul>
</div>
</div>      <div class="vcontainer">
        <div class="main-content">
<div class="test-wrapper row view test-view">
  <div class="test-list">
    <div class="test-list-tools">
<ul class="tools pull-left">
<li><a href="#"><span class="font-size-14">Tests</span></a></li>
</ul>
<ul class="tools text-right">
<li class="dropdown">
<a href="#" class="dropdown-toggle" data-toggle="dropdown"><i class="fa fa-exclamation-circle"></i></a>
<ul id="status-toggle" class="dropdown-menu dropdown-md p-v-0">
<a class="dropdown-item" status="pass" href="#"><span>Pass</span><span class="status success"></span></a>
<a class="dropdown-item" status="fail" href="#"><span>Fail</span><span class="status danger"></span></a>
<div class="dropdown-divider"></div>
<a status="clear" class="dropdown-item" href="#"><span>Clear</span><span class="pull-right"><i class="fa fa-close"></i></span></a>
</ul>
</li>
</ul>
</div>    <div class="test-list-wrapper scrollable">
      <ul class="test-list-item">
        <li class="test-item"  status="pass" test-id="1"
          author=""
          tag=""
          device="">
          <div class="test-detail">
            <p class="name">clickSetting</p>
            <p class="text-sm">
              <span>4:42:10 PM</span> / <span>00:00:22:687</span>
              <span class="badge pass-bg log float-right">Pass</span>
            </p>
          </div>
          <div class="test-contents d-none">
<div class="detail-head">
<div class="p-v-10">
<div class="info">
<h5 class="test-status text-pass">clickSetting</h5>
<span class='badge badge-success'>03.24.2025 4:42:10 PM</span>
<span class='badge badge-danger'>03.24.2025 4:42:32 PM</span>
<span class='badge badge-default'>00:00:22:687</span>
&middot; <span class='uri-anchor badge badge-default'>#test-id=1</span>
<span class='badge badge-default pointer float-right ml-1 et'><i class="fa fa-chevron-down"></i></span>
<span class='badge badge-default pointer float-right ct'><i class="fa fa-chevron-up"></i></span>
</div>
</div>
</div><div class="detail-body mt-4">
<table class="table table-sm">
  <thead><tr><th class="status-col">Status</th><th class="timestamp-col">Timestamp</th><th class="details-col">Details</th></tr></thead>
  <tbody>
      <tr class="event-row">
        <td><span class="badge log info-bg">Info</span></td>
        <td>4:42:10 PM</td>
        <td>
          Clicking Setting
        </td>
      </tr>
      <tr class="event-row">
        <td><span class="badge log pass-bg">Pass</span></td>
        <td>4:42:32 PM</td>
        <td>
          Test Passed: clickSetting
        </td>
      </tr>
  </tbody>
</table>
</div>
          </div>
        </li>
        <li class="test-item"  status="fail" test-id="2"
          author=""
          tag=""
          device="">
          <div class="test-detail">
            <p class="name">clickAddministrationIcon</p>
            <p class="text-sm">
              <span>4:42:32 PM</span> / <span>00:00:36:601</span>
              <span class="badge fail-bg log float-right">Fail</span>
            </p>
          </div>
          <div class="test-contents d-none">
<div class="detail-head">
<div class="p-v-10">
<div class="info">
<h5 class="test-status text-fail">clickAddministrationIcon</h5>
<span class='badge badge-success'>03.24.2025 4:42:32 PM</span>
<span class='badge badge-danger'>03.24.2025 4:43:09 PM</span>
<span class='badge badge-default'>00:00:36:601</span>
&middot; <span class='uri-anchor badge badge-default'>#test-id=2</span>
<span class='badge badge-default pointer float-right ml-1 et'><i class="fa fa-chevron-down"></i></span>
<span class='badge badge-default pointer float-right ct'><i class="fa fa-chevron-up"></i></span>
</div>
</div>
</div>    <div class="row mb-3"><div class="col-md-3">
<img data-featherlight='C:\Users\Lenovo\Downloads\Automation_Projects\Automation_Projects/Screenshots/clickAddministrationIcon.png' src="C:\Users\Lenovo\Downloads\Automation_Projects\Automation_Projects/Screenshots/clickAddministrationIcon.png">
    
    </div></div>
<div class="detail-body mt-4">
<table class="table table-sm">
  <thead><tr><th class="status-col">Status</th><th class="timestamp-col">Timestamp</th><th class="details-col">Details</th></tr></thead>
  <tbody>
      <tr class="event-row">
        <td><span class="badge log info-bg">Info</span></td>
        <td>4:42:32 PM</td>
        <td>
          clickAddministrationIcon 
        </td>
      </tr>
      <tr class="event-row">
        <td><span class="badge log fail-bg">Fail</span></td>
        <td>4:43:09 PM</td>
        <td>
          Test Failed: clickAddministrationIcon
        </td>
      </tr>
      <tr class="event-row">
        <td><span class="badge log fail-bg">Fail</span></td>
        <td>4:43:09 PM</td>
        <td>
          <textarea readonly class="code-block">org.openqa.selenium.NoSuchElementException: no such element: Unable to locate element: {"method":"xpath","selector":" //div[contains(@class, 'sadeNav-menu-item')]//label[@class='label' and text()='Overview']"}
  (Session info: MicrosoftEdge=134.0.3124.72)
For documentation on this error, please visit: https://www.selenium.dev/documentation/webdriver/troubleshooting/errors#no-such-element-exception
Build info: version: '4.10.0', revision: 'c14d967899'
System info: os.name: 'Windows 11', os.arch: 'amd64', os.version: '10.0', java.version: '22.0.1'
Driver info: org.openqa.selenium.edge.EdgeDriver
Command: [f27261d1dc4110724dab82d1f4938189, findElement {using=xpath, value= //div[contains(@class, 'sadeNav-menu-item')]//label[@class='label' and text()='Overview']}]
Capabilities {acceptInsecureCerts: false, browserName: MicrosoftEdge, browserVersion: 134.0.3124.72, fedcm:accounts: true, ms:edgeOptions: {debuggerAddress: localhost:51512}, msedge: {msedgedriverVersion: 134.0.3124.83 (b4ff70c9d7db..., userDataDir: C:\Users\Lenovo\AppData\Loc...}, networkConnectionEnabled: false, pageLoadStrategy: normal, platformName: windows, proxy: Proxy(), se:cdp: ws://localhost:51512/devtoo..., se:cdpVersion: 134.0.3124.72, setWindowRect: true, strictFileInteractability: false, timeouts: {implicit: 0, pageLoad: 300000, script: 30000}, unhandledPromptBehavior: dismiss and notify, webauthn:extension:credBlob: true, webauthn:extension:largeBlob: true, webauthn:extension:minPinLength: true, webauthn:extension:prf: true, webauthn:virtualAuthenticators: true}
Session ID: f27261d1dc4110724dab82d1f4938189
	at java.base/jdk.internal.reflect.DirectConstructorHandleAccessor.newInstance(DirectConstructorHandleAccessor.java:62)
	at java.base/java.lang.reflect.Constructor.newInstanceWithCaller(Constructor.java:502)
	at java.base/java.lang.reflect.Constructor.newInstance(Constructor.java:486)
	at org.openqa.selenium.remote.codec.w3c.W3CHttpResponseCodec.createException(W3CHttpResponseCodec.java:199)
	at org.openqa.selenium.remote.codec.w3c.W3CHttpResponseCodec.decode(W3CHttpResponseCodec.java:132)
	at org.openqa.selenium.remote.codec.w3c.W3CHttpResponseCodec.decode(W3CHttpResponseCodec.java:51)
	at org.openqa.selenium.remote.HttpCommandExecutor.execute(HttpCommandExecutor.java:191)
	at org.openqa.selenium.remote.service.DriverCommandExecutor.invokeExecute(DriverCommandExecutor.java:196)
	at org.openqa.selenium.remote.service.DriverCommandExecutor.execute(DriverCommandExecutor.java:171)
	at org.openqa.selenium.remote.RemoteWebDriver.execute(RemoteWebDriver.java:531)
	at org.openqa.selenium.remote.ElementLocation$ElementFinder$2.findElement(ElementLocation.java:165)
	at org.openqa.selenium.remote.ElementLocation.findElement(ElementLocation.java:59)
	at org.openqa.selenium.remote.RemoteWebDriver.findElement(RemoteWebDriver.java:350)
	at org.openqa.selenium.remote.RemoteWebDriver.findElement(RemoteWebDriver.java:344)
	at org.openqa.selenium.support.pagefactory.DefaultElementLocator.findElement(DefaultElementLocator.java:68)
	at org.openqa.selenium.support.pagefactory.internal.LocatingElementHandler.invoke(LocatingElementHandler.java:38)
	at jdk.proxy2/jdk.proxy2.$Proxy32.click(Unknown Source)
	at pages.Admin.clickAddministrationIcon(Admin.java:222)
	at Application.VerifyApplication.clickAddministrationIcon(VerifyApplication.java:56)
	at java.base/jdk.internal.reflect.DirectMethodHandleAccessor.invoke(DirectMethodHandleAccessor.java:103)
	at java.base/java.lang.reflect.Method.invoke(Method.java:580)
	at org.testng.internal.MethodInvocationHelper.invokeMethod(MethodInvocationHelper.java:80)
	at org.testng.internal.Invoker.invokeMethod(Invoker.java:714)
	at org.testng.internal.Invoker.invokeTestMethod(Invoker.java:901)
	at org.testng.internal.Invoker.invokeTestMethods(Invoker.java:1231)
	at org.testng.internal.TestMethodWorker.invokeTestMethods(TestMethodWorker.java:127)
	at org.testng.internal.TestMethodWorker.run(TestMethodWorker.java:111)
	at org.testng.TestRunner.privateRun(TestRunner.java:767)
	at org.testng.TestRunner.run(TestRunner.java:617)
	at org.testng.SuiteRunner.runTest(SuiteRunner.java:334)
	at org.testng.SuiteRunner.runSequentially(SuiteRunner.java:329)
	at org.testng.SuiteRunner.privateRun(SuiteRunner.java:291)
	at org.testng.SuiteRunner.run(SuiteRunner.java:240)
	at org.testng.SuiteRunnerWorker.runSuite(SuiteRunnerWorker.java:52)
	at org.testng.SuiteRunnerWorker.run(SuiteRunnerWorker.java:86)
	at org.testng.TestNG.runSuitesSequentially(TestNG.java:1198)
	at org.testng.TestNG.runSuitesLocally(TestNG.java:1123)
	at org.testng.TestNG.run(TestNG.java:1031)
	at org.testng.remote.AbstractRemoteTestNG.run(AbstractRemoteTestNG.java:115)
	at org.testng.remote.RemoteTestNG.initAndRun(RemoteTestNG.java:293)
	at org.testng.remote.RemoteTestNG.main(RemoteTestNG.java:91)
</textarea>
          
        </td>
      </tr>
  </tbody>
</table>
</div>
          </div>
        </li>
        <li class="test-item"  status="fail" test-id="3"
          author=""
          tag=""
          device="">
          <div class="test-detail">
            <p class="name">getTextOfAddministration</p>
            <p class="text-sm">
              <span>4:43:09 PM</span> / <span>00:02:02:703</span>
              <span class="badge fail-bg log float-right">Fail</span>
            </p>
          </div>
          <div class="test-contents d-none">
<div class="detail-head">
<div class="p-v-10">
<div class="info">
<h5 class="test-status text-fail">getTextOfAddministration</h5>
<span class='badge badge-success'>03.24.2025 4:43:09 PM</span>
<span class='badge badge-danger'>03.24.2025 4:45:12 PM</span>
<span class='badge badge-default'>00:02:02:703</span>
&middot; <span class='uri-anchor badge badge-default'>#test-id=3</span>
<span class='badge badge-default pointer float-right ml-1 et'><i class="fa fa-chevron-down"></i></span>
<span class='badge badge-default pointer float-right ct'><i class="fa fa-chevron-up"></i></span>
</div>
</div>
</div>    <div class="row mb-3"><div class="col-md-3">
<img data-featherlight='C:\Users\Lenovo\Downloads\Automation_Projects\Automation_Projects/Screenshots/getTextOfAddministration.png' src="C:\Users\Lenovo\Downloads\Automation_Projects\Automation_Projects/Screenshots/getTextOfAddministration.png">
    
    </div></div>
<div class="detail-body mt-4">
<table class="table table-sm">
  <thead><tr><th class="status-col">Status</th><th class="timestamp-col">Timestamp</th><th class="details-col">Details</th></tr></thead>
  <tbody>
      <tr class="event-row">
        <td><span class="badge log info-bg">Info</span></td>
        <td>4:43:09 PM</td>
        <td>
          get Text Of Addministration
        </td>
      </tr>
      <tr class="event-row">
        <td><span class="badge log fail-bg">Fail</span></td>
        <td>4:45:12 PM</td>
        <td>
          Test Failed: getTextOfAddministration
        </td>
      </tr>
      <tr class="event-row">
        <td><span class="badge log fail-bg">Fail</span></td>
        <td>4:45:12 PM</td>
        <td>
          <textarea readonly class="code-block">org.openqa.selenium.NoSuchElementException: no such element: Unable to locate element: {"method":"xpath","selector":"//h3[@_ngcontent-ng-c1000978565 and text()='Administration']"}
  (Session info: MicrosoftEdge=134.0.3124.72)
For documentation on this error, please visit: https://www.selenium.dev/documentation/webdriver/troubleshooting/errors#no-such-element-exception
Build info: version: '4.10.0', revision: 'c14d967899'
System info: os.name: 'Windows 11', os.arch: 'amd64', os.version: '10.0', java.version: '22.0.1'
Driver info: org.openqa.selenium.edge.EdgeDriver
Command: [f27261d1dc4110724dab82d1f4938189, findElement {using=xpath, value=//h3[@_ngcontent-ng-c1000978565 and text()='Administration']}]
Capabilities {acceptInsecureCerts: false, browserName: MicrosoftEdge, browserVersion: 134.0.3124.72, fedcm:accounts: true, ms:edgeOptions: {debuggerAddress: localhost:51512}, msedge: {msedgedriverVersion: 134.0.3124.83 (b4ff70c9d7db..., userDataDir: C:\Users\Lenovo\AppData\Loc...}, networkConnectionEnabled: false, pageLoadStrategy: normal, platformName: windows, proxy: Proxy(), se:cdp: ws://localhost:51512/devtoo..., se:cdpVersion: 134.0.3124.72, setWindowRect: true, strictFileInteractability: false, timeouts: {implicit: 0, pageLoad: 300000, script: 30000}, unhandledPromptBehavior: dismiss and notify, webauthn:extension:credBlob: true, webauthn:extension:largeBlob: true, webauthn:extension:minPinLength: true, webauthn:extension:prf: true, webauthn:virtualAuthenticators: true}
Session ID: f27261d1dc4110724dab82d1f4938189
	at java.base/jdk.internal.reflect.DirectConstructorHandleAccessor.newInstance(DirectConstructorHandleAccessor.java:62)
	at java.base/java.lang.reflect.Constructor.newInstanceWithCaller(Constructor.java:502)
	at java.base/java.lang.reflect.Constructor.newInstance(Constructor.java:486)
	at org.openqa.selenium.remote.codec.w3c.W3CHttpResponseCodec.createException(W3CHttpResponseCodec.java:199)
	at org.openqa.selenium.remote.codec.w3c.W3CHttpResponseCodec.decode(W3CHttpResponseCodec.java:132)
	at org.openqa.selenium.remote.codec.w3c.W3CHttpResponseCodec.decode(W3CHttpResponseCodec.java:51)
	at org.openqa.selenium.remote.HttpCommandExecutor.execute(HttpCommandExecutor.java:191)
	at org.openqa.selenium.remote.service.DriverCommandExecutor.invokeExecute(DriverCommandExecutor.java:196)
	at org.openqa.selenium.remote.service.DriverCommandExecutor.execute(DriverCommandExecutor.java:171)
	at org.openqa.selenium.remote.RemoteWebDriver.execute(RemoteWebDriver.java:531)
	at org.openqa.selenium.remote.ElementLocation$ElementFinder$2.findElement(ElementLocation.java:165)
	at org.openqa.selenium.remote.ElementLocation.findElement(ElementLocation.java:59)
	at org.openqa.selenium.remote.RemoteWebDriver.findElement(RemoteWebDriver.java:350)
	at org.openqa.selenium.remote.RemoteWebDriver.findElement(RemoteWebDriver.java:344)
	at org.openqa.selenium.support.pagefactory.DefaultElementLocator.findElement(DefaultElementLocator.java:68)
	at org.openqa.selenium.support.pagefactory.internal.LocatingElementHandler.invoke(LocatingElementHandler.java:38)
	at jdk.proxy2/jdk.proxy2.$Proxy32.getText(Unknown Source)
	at pages.Admin.getTextOfAddministration(Admin.java:230)
	at Application.VerifyApplication.getTextOfAddministration(VerifyApplication.java:67)
	at java.base/jdk.internal.reflect.DirectMethodHandleAccessor.invoke(DirectMethodHandleAccessor.java:103)
	at java.base/java.lang.reflect.Method.invoke(Method.java:580)
	at org.testng.internal.MethodInvocationHelper.invokeMethod(MethodInvocationHelper.java:80)
	at org.testng.internal.Invoker.invokeMethod(Invoker.java:714)
	at org.testng.internal.Invoker.invokeTestMethod(Invoker.java:901)
	at org.testng.internal.Invoker.invokeTestMethods(Invoker.java:1231)
	at org.testng.internal.TestMethodWorker.invokeTestMethods(TestMethodWorker.java:127)
	at org.testng.internal.TestMethodWorker.run(TestMethodWorker.java:111)
	at org.testng.TestRunner.privateRun(TestRunner.java:767)
	at org.testng.TestRunner.run(TestRunner.java:617)
	at org.testng.SuiteRunner.runTest(SuiteRunner.java:334)
	at org.testng.SuiteRunner.runSequentially(SuiteRunner.java:329)
	at org.testng.SuiteRunner.privateRun(SuiteRunner.java:291)
	at org.testng.SuiteRunner.run(SuiteRunner.java:240)
	at org.testng.SuiteRunnerWorker.runSuite(SuiteRunnerWorker.java:52)
	at org.testng.SuiteRunnerWorker.run(SuiteRunnerWorker.java:86)
	at org.testng.TestNG.runSuitesSequentially(TestNG.java:1198)
	at org.testng.TestNG.runSuitesLocally(TestNG.java:1123)
	at org.testng.TestNG.run(TestNG.java:1031)
	at org.testng.remote.AbstractRemoteTestNG.run(AbstractRemoteTestNG.java:115)
	at org.testng.remote.RemoteTestNG.initAndRun(RemoteTestNG.java:293)
	at org.testng.remote.RemoteTestNG.main(RemoteTestNG.java:91)
</textarea>
          
        </td>
      </tr>
  </tbody>
</table>
</div>
          </div>
        </li>
        <li class="test-item"  status="fail" test-id="4"
          author=""
          tag=""
          device="">
          <div class="test-detail">
            <p class="name">getVerifyTextApplication</p>
            <p class="text-sm">
              <span>4:45:12 PM</span> / <span>00:02:02:717</span>
              <span class="badge fail-bg log float-right">Fail</span>
            </p>
          </div>
          <div class="test-contents d-none">
<div class="detail-head">
<div class="p-v-10">
<div class="info">
<h5 class="test-status text-fail">getVerifyTextApplication</h5>
<span class='badge badge-success'>03.24.2025 4:45:12 PM</span>
<span class='badge badge-danger'>03.24.2025 4:47:15 PM</span>
<span class='badge badge-default'>00:02:02:717</span>
&middot; <span class='uri-anchor badge badge-default'>#test-id=4</span>
<span class='badge badge-default pointer float-right ml-1 et'><i class="fa fa-chevron-down"></i></span>
<span class='badge badge-default pointer float-right ct'><i class="fa fa-chevron-up"></i></span>
</div>
</div>
</div>    <div class="row mb-3"><div class="col-md-3">
<img data-featherlight='C:\Users\Lenovo\Downloads\Automation_Projects\Automation_Projects/Screenshots/getVerifyTextApplication.png' src="C:\Users\Lenovo\Downloads\Automation_Projects\Automation_Projects/Screenshots/getVerifyTextApplication.png">
    
    </div></div>
<div class="detail-body mt-4">
<table class="table table-sm">
  <thead><tr><th class="status-col">Status</th><th class="timestamp-col">Timestamp</th><th class="details-col">Details</th></tr></thead>
  <tbody>
      <tr class="event-row">
        <td><span class="badge log info-bg">Info</span></td>
        <td>4:45:12 PM</td>
        <td>
          get Verify Text Application
        </td>
      </tr>
      <tr class="event-row">
        <td><span class="badge log fail-bg">Fail</span></td>
        <td>4:47:15 PM</td>
        <td>
          Test Failed: getVerifyTextApplication
        </td>
      </tr>
      <tr class="event-row">
        <td><span class="badge log fail-bg">Fail</span></td>
        <td>4:47:15 PM</td>
        <td>
          <textarea readonly class="code-block">org.openqa.selenium.NoSuchElementException: no such element: Unable to locate element: {"method":"xpath","selector":"//span[contains(text(), 'Applications by intent type')]"}
  (Session info: MicrosoftEdge=134.0.3124.72)
For documentation on this error, please visit: https://www.selenium.dev/documentation/webdriver/troubleshooting/errors#no-such-element-exception
Build info: version: '4.10.0', revision: 'c14d967899'
System info: os.name: 'Windows 11', os.arch: 'amd64', os.version: '10.0', java.version: '22.0.1'
Driver info: org.openqa.selenium.edge.EdgeDriver
Command: [f27261d1dc4110724dab82d1f4938189, findElement {using=xpath, value=//span[contains(text(), 'Applications by intent type')]}]
Capabilities {acceptInsecureCerts: false, browserName: MicrosoftEdge, browserVersion: 134.0.3124.72, fedcm:accounts: true, ms:edgeOptions: {debuggerAddress: localhost:51512}, msedge: {msedgedriverVersion: 134.0.3124.83 (b4ff70c9d7db..., userDataDir: C:\Users\Lenovo\AppData\Loc...}, networkConnectionEnabled: false, pageLoadStrategy: normal, platformName: windows, proxy: Proxy(), se:cdp: ws://localhost:51512/devtoo..., se:cdpVersion: 134.0.3124.72, setWindowRect: true, strictFileInteractability: false, timeouts: {implicit: 0, pageLoad: 300000, script: 30000}, unhandledPromptBehavior: dismiss and notify, webauthn:extension:credBlob: true, webauthn:extension:largeBlob: true, webauthn:extension:minPinLength: true, webauthn:extension:prf: true, webauthn:virtualAuthenticators: true}
Session ID: f27261d1dc4110724dab82d1f4938189
	at java.base/jdk.internal.reflect.DirectConstructorHandleAccessor.newInstance(DirectConstructorHandleAccessor.java:62)
	at java.base/java.lang.reflect.Constructor.newInstanceWithCaller(Constructor.java:502)
	at java.base/java.lang.reflect.Constructor.newInstance(Constructor.java:486)
	at org.openqa.selenium.remote.codec.w3c.W3CHttpResponseCodec.createException(W3CHttpResponseCodec.java:199)
	at org.openqa.selenium.remote.codec.w3c.W3CHttpResponseCodec.decode(W3CHttpResponseCodec.java:132)
	at org.openqa.selenium.remote.codec.w3c.W3CHttpResponseCodec.decode(W3CHttpResponseCodec.java:51)
	at org.openqa.selenium.remote.HttpCommandExecutor.execute(HttpCommandExecutor.java:191)
	at org.openqa.selenium.remote.service.DriverCommandExecutor.invokeExecute(DriverCommandExecutor.java:196)
	at org.openqa.selenium.remote.service.DriverCommandExecutor.execute(DriverCommandExecutor.java:171)
	at org.openqa.selenium.remote.RemoteWebDriver.execute(RemoteWebDriver.java:531)
	at org.openqa.selenium.remote.ElementLocation$ElementFinder$2.findElement(ElementLocation.java:165)
	at org.openqa.selenium.remote.ElementLocation.findElement(ElementLocation.java:59)
	at org.openqa.selenium.remote.RemoteWebDriver.findElement(RemoteWebDriver.java:350)
	at org.openqa.selenium.remote.RemoteWebDriver.findElement(RemoteWebDriver.java:344)
	at org.openqa.selenium.support.pagefactory.DefaultElementLocator.findElement(DefaultElementLocator.java:68)
	at org.openqa.selenium.support.pagefactory.internal.LocatingElementHandler.invoke(LocatingElementHandler.java:38)
	at jdk.proxy2/jdk.proxy2.$Proxy32.getText(Unknown Source)
	at pages.Admin.getVerifyTextApplication(Admin.java:239)
	at Application.VerifyApplication.getVerifyTextApplication(VerifyApplication.java:86)
	at java.base/jdk.internal.reflect.DirectMethodHandleAccessor.invoke(DirectMethodHandleAccessor.java:103)
	at java.base/java.lang.reflect.Method.invoke(Method.java:580)
	at org.testng.internal.MethodInvocationHelper.invokeMethod(MethodInvocationHelper.java:80)
	at org.testng.internal.Invoker.invokeMethod(Invoker.java:714)
	at org.testng.internal.Invoker.invokeTestMethod(Invoker.java:901)
	at org.testng.internal.Invoker.invokeTestMethods(Invoker.java:1231)
	at org.testng.internal.TestMethodWorker.invokeTestMethods(TestMethodWorker.java:127)
	at org.testng.internal.TestMethodWorker.run(TestMethodWorker.java:111)
	at org.testng.TestRunner.privateRun(TestRunner.java:767)
	at org.testng.TestRunner.run(TestRunner.java:617)
	at org.testng.SuiteRunner.runTest(SuiteRunner.java:334)
	at org.testng.SuiteRunner.runSequentially(SuiteRunner.java:329)
	at org.testng.SuiteRunner.privateRun(SuiteRunner.java:291)
	at org.testng.SuiteRunner.run(SuiteRunner.java:240)
	at org.testng.SuiteRunnerWorker.runSuite(SuiteRunnerWorker.java:52)
	at org.testng.SuiteRunnerWorker.run(SuiteRunnerWorker.java:86)
	at org.testng.TestNG.runSuitesSequentially(TestNG.java:1198)
	at org.testng.TestNG.runSuitesLocally(TestNG.java:1123)
	at org.testng.TestNG.run(TestNG.java:1031)
	at org.testng.remote.AbstractRemoteTestNG.run(AbstractRemoteTestNG.java:115)
	at org.testng.remote.RemoteTestNG.initAndRun(RemoteTestNG.java:293)
	at org.testng.remote.RemoteTestNG.main(RemoteTestNG.java:91)
</textarea>
          
        </td>
      </tr>
  </tbody>
</table>
</div>
          </div>
        </li>
        <li class="test-item"  status="fail" test-id="5"
          author=""
          tag=""
          device="">
          <div class="test-detail">
            <p class="name">clickApplicationIcon</p>
            <p class="text-sm">
              <span>4:47:15 PM</span> / <span>00:00:36:288</span>
              <span class="badge fail-bg log float-right">Fail</span>
            </p>
          </div>
          <div class="test-contents d-none">
<div class="detail-head">
<div class="p-v-10">
<div class="info">
<h5 class="test-status text-fail">clickApplicationIcon</h5>
<span class='badge badge-success'>03.24.2025 4:47:15 PM</span>
<span class='badge badge-danger'>03.24.2025 4:47:51 PM</span>
<span class='badge badge-default'>00:00:36:288</span>
&middot; <span class='uri-anchor badge badge-default'>#test-id=5</span>
<span class='badge badge-default pointer float-right ml-1 et'><i class="fa fa-chevron-down"></i></span>
<span class='badge badge-default pointer float-right ct'><i class="fa fa-chevron-up"></i></span>
</div>
</div>
</div>    <div class="row mb-3"><div class="col-md-3">
<img data-featherlight='C:\Users\Lenovo\Downloads\Automation_Projects\Automation_Projects/Screenshots/clickApplicationIcon.png' src="C:\Users\Lenovo\Downloads\Automation_Projects\Automation_Projects/Screenshots/clickApplicationIcon.png">
    
    </div></div>
<div class="detail-body mt-4">
<table class="table table-sm">
  <thead><tr><th class="status-col">Status</th><th class="timestamp-col">Timestamp</th><th class="details-col">Details</th></tr></thead>
  <tbody>
      <tr class="event-row">
        <td><span class="badge log info-bg">Info</span></td>
        <td>4:47:15 PM</td>
        <td>
          click Application Icon
        </td>
      </tr>
      <tr class="event-row">
        <td><span class="badge log fail-bg">Fail</span></td>
        <td>4:47:51 PM</td>
        <td>
          Test Failed: clickApplicationIcon
        </td>
      </tr>
      <tr class="event-row">
        <td><span class="badge log fail-bg">Fail</span></td>
        <td>4:47:51 PM</td>
        <td>
          <textarea readonly class="code-block">org.openqa.selenium.NoSuchElementException: no such element: Unable to locate element: {"method":"xpath","selector":"//mat-sidenav-container/mat-sidenav[1]//sidenav-item/div[2]/div[2]/sidenav-item/div[2]/div"}
  (Session info: MicrosoftEdge=134.0.3124.72)
For documentation on this error, please visit: https://www.selenium.dev/documentation/webdriver/troubleshooting/errors#no-such-element-exception
Build info: version: '4.10.0', revision: 'c14d967899'
System info: os.name: 'Windows 11', os.arch: 'amd64', os.version: '10.0', java.version: '22.0.1'
Driver info: org.openqa.selenium.edge.EdgeDriver
Command: [f27261d1dc4110724dab82d1f4938189, findElement {using=xpath, value=//mat-sidenav-container/mat-sidenav[1]//sidenav-item/div[2]/div[2]/sidenav-item/div[2]/div}]
Capabilities {acceptInsecureCerts: false, browserName: MicrosoftEdge, browserVersion: 134.0.3124.72, fedcm:accounts: true, ms:edgeOptions: {debuggerAddress: localhost:51512}, msedge: {msedgedriverVersion: 134.0.3124.83 (b4ff70c9d7db..., userDataDir: C:\Users\Lenovo\AppData\Loc...}, networkConnectionEnabled: false, pageLoadStrategy: normal, platformName: windows, proxy: Proxy(), se:cdp: ws://localhost:51512/devtoo..., se:cdpVersion: 134.0.3124.72, setWindowRect: true, strictFileInteractability: false, timeouts: {implicit: 0, pageLoad: 300000, script: 30000}, unhandledPromptBehavior: dismiss and notify, webauthn:extension:credBlob: true, webauthn:extension:largeBlob: true, webauthn:extension:minPinLength: true, webauthn:extension:prf: true, webauthn:virtualAuthenticators: true}
Session ID: f27261d1dc4110724dab82d1f4938189
	at java.base/jdk.internal.reflect.DirectConstructorHandleAccessor.newInstance(DirectConstructorHandleAccessor.java:62)
	at java.base/java.lang.reflect.Constructor.newInstanceWithCaller(Constructor.java:502)
	at java.base/java.lang.reflect.Constructor.newInstance(Constructor.java:486)
	at org.openqa.selenium.remote.codec.w3c.W3CHttpResponseCodec.createException(W3CHttpResponseCodec.java:199)
	at org.openqa.selenium.remote.codec.w3c.W3CHttpResponseCodec.decode(W3CHttpResponseCodec.java:132)
	at org.openqa.selenium.remote.codec.w3c.W3CHttpResponseCodec.decode(W3CHttpResponseCodec.java:51)
	at org.openqa.selenium.remote.HttpCommandExecutor.execute(HttpCommandExecutor.java:191)
	at org.openqa.selenium.remote.service.DriverCommandExecutor.invokeExecute(DriverCommandExecutor.java:196)
	at org.openqa.selenium.remote.service.DriverCommandExecutor.execute(DriverCommandExecutor.java:171)
	at org.openqa.selenium.remote.RemoteWebDriver.execute(RemoteWebDriver.java:531)
	at org.openqa.selenium.remote.ElementLocation$ElementFinder$2.findElement(ElementLocation.java:165)
	at org.openqa.selenium.remote.ElementLocation.findElement(ElementLocation.java:59)
	at org.openqa.selenium.remote.RemoteWebDriver.findElement(RemoteWebDriver.java:350)
	at org.openqa.selenium.remote.RemoteWebDriver.findElement(RemoteWebDriver.java:344)
	at org.openqa.selenium.support.pagefactory.DefaultElementLocator.findElement(DefaultElementLocator.java:68)
	at org.openqa.selenium.support.pagefactory.internal.LocatingElementHandler.invoke(LocatingElementHandler.java:38)
	at jdk.proxy2/jdk.proxy2.$Proxy32.click(Unknown Source)
	at pages.Admin.clickApplicationIcon(Admin.java:254)
	at Application.VerifyApplication.clickApplicationIcon(VerifyApplication.java:115)
	at java.base/jdk.internal.reflect.DirectMethodHandleAccessor.invoke(DirectMethodHandleAccessor.java:103)
	at java.base/java.lang.reflect.Method.invoke(Method.java:580)
	at org.testng.internal.MethodInvocationHelper.invokeMethod(MethodInvocationHelper.java:80)
	at org.testng.internal.Invoker.invokeMethod(Invoker.java:714)
	at org.testng.internal.Invoker.invokeTestMethod(Invoker.java:901)
	at org.testng.internal.Invoker.invokeTestMethods(Invoker.java:1231)
	at org.testng.internal.TestMethodWorker.invokeTestMethods(TestMethodWorker.java:127)
	at org.testng.internal.TestMethodWorker.run(TestMethodWorker.java:111)
	at org.testng.TestRunner.privateRun(TestRunner.java:767)
	at org.testng.TestRunner.run(TestRunner.java:617)
	at org.testng.SuiteRunner.runTest(SuiteRunner.java:334)
	at org.testng.SuiteRunner.runSequentially(SuiteRunner.java:329)
	at org.testng.SuiteRunner.privateRun(SuiteRunner.java:291)
	at org.testng.SuiteRunner.run(SuiteRunner.java:240)
	at org.testng.SuiteRunnerWorker.runSuite(SuiteRunnerWorker.java:52)
	at org.testng.SuiteRunnerWorker.run(SuiteRunnerWorker.java:86)
	at org.testng.TestNG.runSuitesSequentially(TestNG.java:1198)
	at org.testng.TestNG.runSuitesLocally(TestNG.java:1123)
	at org.testng.TestNG.run(TestNG.java:1031)
	at org.testng.remote.AbstractRemoteTestNG.run(AbstractRemoteTestNG.java:115)
	at org.testng.remote.RemoteTestNG.initAndRun(RemoteTestNG.java:293)
	at org.testng.remote.RemoteTestNG.main(RemoteTestNG.java:91)
</textarea>
          
        </td>
      </tr>
  </tbody>
</table>
</div>
          </div>
        </li>
        <li class="test-item"  status="fail" test-id="6"
          author=""
          tag=""
          device="">
          <div class="test-detail">
            <p class="name">clickonApplicationSearch</p>
            <p class="text-sm">
              <span>4:47:52 PM</span> / <span>00:00:38:376</span>
              <span class="badge fail-bg log float-right">Fail</span>
            </p>
          </div>
          <div class="test-contents d-none">
<div class="detail-head">
<div class="p-v-10">
<div class="info">
<h5 class="test-status text-fail">clickonApplicationSearch</h5>
<span class='badge badge-success'>03.24.2025 4:47:52 PM</span>
<span class='badge badge-danger'>03.24.2025 4:48:30 PM</span>
<span class='badge badge-default'>00:00:38:376</span>
&middot; <span class='uri-anchor badge badge-default'>#test-id=6</span>
<span class='badge badge-default pointer float-right ml-1 et'><i class="fa fa-chevron-down"></i></span>
<span class='badge badge-default pointer float-right ct'><i class="fa fa-chevron-up"></i></span>
</div>
</div>
</div>    <div class="row mb-3"><div class="col-md-3">
<img data-featherlight='C:\Users\Lenovo\Downloads\Automation_Projects\Automation_Projects/Screenshots/clickonApplicationSearch.png' src="C:\Users\Lenovo\Downloads\Automation_Projects\Automation_Projects/Screenshots/clickonApplicationSearch.png">
    
    </div></div>
<div class="detail-body mt-4">
<table class="table table-sm">
  <thead><tr><th class="status-col">Status</th><th class="timestamp-col">Timestamp</th><th class="details-col">Details</th></tr></thead>
  <tbody>
      <tr class="event-row">
        <td><span class="badge log info-bg">Info</span></td>
        <td>4:47:52 PM</td>
        <td>
          click on Application Search
        </td>
      </tr>
      <tr class="event-row">
        <td><span class="badge log fail-bg">Fail</span></td>
        <td>4:48:30 PM</td>
        <td>
          Test Failed: clickonApplicationSearch
        </td>
      </tr>
      <tr class="event-row">
        <td><span class="badge log fail-bg">Fail</span></td>
        <td>4:48:30 PM</td>
        <td>
          <textarea readonly class="code-block">org.openqa.selenium.NoSuchElementException: no such element: Unable to locate element: {"method":"xpath","selector":" //input[@type='text']"}
  (Session info: MicrosoftEdge=134.0.3124.72)
For documentation on this error, please visit: https://www.selenium.dev/documentation/webdriver/troubleshooting/errors#no-such-element-exception
Build info: version: '4.10.0', revision: 'c14d967899'
System info: os.name: 'Windows 11', os.arch: 'amd64', os.version: '10.0', java.version: '22.0.1'
Driver info: org.openqa.selenium.edge.EdgeDriver
Command: [f27261d1dc4110724dab82d1f4938189, findElement {using=xpath, value= //input[@type='text']}]
Capabilities {acceptInsecureCerts: false, browserName: MicrosoftEdge, browserVersion: 134.0.3124.72, fedcm:accounts: true, ms:edgeOptions: {debuggerAddress: localhost:51512}, msedge: {msedgedriverVersion: 134.0.3124.83 (b4ff70c9d7db..., userDataDir: C:\Users\Lenovo\AppData\Loc...}, networkConnectionEnabled: false, pageLoadStrategy: normal, platformName: windows, proxy: Proxy(), se:cdp: ws://localhost:51512/devtoo..., se:cdpVersion: 134.0.3124.72, setWindowRect: true, strictFileInteractability: false, timeouts: {implicit: 0, pageLoad: 300000, script: 30000}, unhandledPromptBehavior: dismiss and notify, webauthn:extension:credBlob: true, webauthn:extension:largeBlob: true, webauthn:extension:minPinLength: true, webauthn:extension:prf: true, webauthn:virtualAuthenticators: true}
Session ID: f27261d1dc4110724dab82d1f4938189
	at java.base/jdk.internal.reflect.DirectConstructorHandleAccessor.newInstance(DirectConstructorHandleAccessor.java:62)
	at java.base/java.lang.reflect.Constructor.newInstanceWithCaller(Constructor.java:502)
	at java.base/java.lang.reflect.Constructor.newInstance(Constructor.java:486)
	at org.openqa.selenium.remote.codec.w3c.W3CHttpResponseCodec.createException(W3CHttpResponseCodec.java:199)
	at org.openqa.selenium.remote.codec.w3c.W3CHttpResponseCodec.decode(W3CHttpResponseCodec.java:132)
	at org.openqa.selenium.remote.codec.w3c.W3CHttpResponseCodec.decode(W3CHttpResponseCodec.java:51)
	at org.openqa.selenium.remote.HttpCommandExecutor.execute(HttpCommandExecutor.java:191)
	at org.openqa.selenium.remote.service.DriverCommandExecutor.invokeExecute(DriverCommandExecutor.java:196)
	at org.openqa.selenium.remote.service.DriverCommandExecutor.execute(DriverCommandExecutor.java:171)
	at org.openqa.selenium.remote.RemoteWebDriver.execute(RemoteWebDriver.java:531)
	at org.openqa.selenium.remote.ElementLocation$ElementFinder$2.findElement(ElementLocation.java:165)
	at org.openqa.selenium.remote.ElementLocation.findElement(ElementLocation.java:59)
	at org.openqa.selenium.remote.RemoteWebDriver.findElement(RemoteWebDriver.java:350)
	at org.openqa.selenium.remote.RemoteWebDriver.findElement(RemoteWebDriver.java:344)
	at org.openqa.selenium.support.pagefactory.DefaultElementLocator.findElement(DefaultElementLocator.java:68)
	at org.openqa.selenium.support.pagefactory.internal.LocatingElementHandler.invoke(LocatingElementHandler.java:38)
	at jdk.proxy2/jdk.proxy2.$Proxy32.click(Unknown Source)
	at pages.Admin.clickonApplicationSearch(Admin.java:265)
	at Application.VerifyApplication.clickonApplicationSearch(VerifyApplication.java:127)
	at java.base/jdk.internal.reflect.DirectMethodHandleAccessor.invoke(DirectMethodHandleAccessor.java:103)
	at java.base/java.lang.reflect.Method.invoke(Method.java:580)
	at org.testng.internal.MethodInvocationHelper.invokeMethod(MethodInvocationHelper.java:80)
	at org.testng.internal.Invoker.invokeMethod(Invoker.java:714)
	at org.testng.internal.Invoker.invokeTestMethod(Invoker.java:901)
	at org.testng.internal.Invoker.invokeTestMethods(Invoker.java:1231)
	at org.testng.internal.TestMethodWorker.invokeTestMethods(TestMethodWorker.java:127)
	at org.testng.internal.TestMethodWorker.run(TestMethodWorker.java:111)
	at org.testng.TestRunner.privateRun(TestRunner.java:767)
	at org.testng.TestRunner.run(TestRunner.java:617)
	at org.testng.SuiteRunner.runTest(SuiteRunner.java:334)
	at org.testng.SuiteRunner.runSequentially(SuiteRunner.java:329)
	at org.testng.SuiteRunner.privateRun(SuiteRunner.java:291)
	at org.testng.SuiteRunner.run(SuiteRunner.java:240)
	at org.testng.SuiteRunnerWorker.runSuite(SuiteRunnerWorker.java:52)
	at org.testng.SuiteRunnerWorker.run(SuiteRunnerWorker.java:86)
	at org.testng.TestNG.runSuitesSequentially(TestNG.java:1198)
	at org.testng.TestNG.runSuitesLocally(TestNG.java:1123)
	at org.testng.TestNG.run(TestNG.java:1031)
	at org.testng.remote.AbstractRemoteTestNG.run(AbstractRemoteTestNG.java:115)
	at org.testng.remote.RemoteTestNG.initAndRun(RemoteTestNG.java:293)
	at org.testng.remote.RemoteTestNG.main(RemoteTestNG.java:91)
</textarea>
          
        </td>
      </tr>
  </tbody>
</table>
</div>
          </div>
        </li>
        <li class="test-item"  status="fail" test-id="7"
          author=""
          tag=""
          device="">
          <div class="test-detail">
            <p class="name">verifyApplicationName</p>
            <p class="text-sm">
              <span>4:48:30 PM</span> / <span>00:02:02:709</span>
              <span class="badge fail-bg log float-right">Fail</span>
            </p>
          </div>
          <div class="test-contents d-none">
<div class="detail-head">
<div class="p-v-10">
<div class="info">
<h5 class="test-status text-fail">verifyApplicationName</h5>
<span class='badge badge-success'>03.24.2025 4:48:30 PM</span>
<span class='badge badge-danger'>03.24.2025 4:50:33 PM</span>
<span class='badge badge-default'>00:02:02:709</span>
&middot; <span class='uri-anchor badge badge-default'>#test-id=7</span>
<span class='badge badge-default pointer float-right ml-1 et'><i class="fa fa-chevron-down"></i></span>
<span class='badge badge-default pointer float-right ct'><i class="fa fa-chevron-up"></i></span>
</div>
</div>
</div>    <div class="row mb-3"><div class="col-md-3">
<img data-featherlight='C:\Users\Lenovo\Downloads\Automation_Projects\Automation_Projects/Screenshots/verifyApplicationName.png' src="C:\Users\Lenovo\Downloads\Automation_Projects\Automation_Projects/Screenshots/verifyApplicationName.png">
    
    </div></div>
<div class="detail-body mt-4">
<table class="table table-sm">
  <thead><tr><th class="status-col">Status</th><th class="timestamp-col">Timestamp</th><th class="details-col">Details</th></tr></thead>
  <tbody>
      <tr class="event-row">
        <td><span class="badge log info-bg">Info</span></td>
        <td>4:48:30 PM</td>
        <td>
          verify Application Name
        </td>
      </tr>
      <tr class="event-row">
        <td><span class="badge log fail-bg">Fail</span></td>
        <td>4:50:33 PM</td>
        <td>
          Test Failed: verifyApplicationName
        </td>
      </tr>
      <tr class="event-row">
        <td><span class="badge log fail-bg">Fail</span></td>
        <td>4:50:33 PM</td>
        <td>
          <textarea readonly class="code-block">org.openqa.selenium.NoSuchElementException: no such element: Unable to locate element: {"method":"xpath","selector":"//div[contains(@class, 'productui-value-title') and contains(text(), 'HRMS')]"}
  (Session info: MicrosoftEdge=134.0.3124.72)
For documentation on this error, please visit: https://www.selenium.dev/documentation/webdriver/troubleshooting/errors#no-such-element-exception
Build info: version: '4.10.0', revision: 'c14d967899'
System info: os.name: 'Windows 11', os.arch: 'amd64', os.version: '10.0', java.version: '22.0.1'
Driver info: org.openqa.selenium.edge.EdgeDriver
Command: [f27261d1dc4110724dab82d1f4938189, findElement {using=xpath, value=//div[contains(@class, 'productui-value-title') and contains(text(), 'HRMS')]}]
Capabilities {acceptInsecureCerts: false, browserName: MicrosoftEdge, browserVersion: 134.0.3124.72, fedcm:accounts: true, ms:edgeOptions: {debuggerAddress: localhost:51512}, msedge: {msedgedriverVersion: 134.0.3124.83 (b4ff70c9d7db..., userDataDir: C:\Users\Lenovo\AppData\Loc...}, networkConnectionEnabled: false, pageLoadStrategy: normal, platformName: windows, proxy: Proxy(), se:cdp: ws://localhost:51512/devtoo..., se:cdpVersion: 134.0.3124.72, setWindowRect: true, strictFileInteractability: false, timeouts: {implicit: 0, pageLoad: 300000, script: 30000}, unhandledPromptBehavior: dismiss and notify, webauthn:extension:credBlob: true, webauthn:extension:largeBlob: true, webauthn:extension:minPinLength: true, webauthn:extension:prf: true, webauthn:virtualAuthenticators: true}
Session ID: f27261d1dc4110724dab82d1f4938189
	at java.base/jdk.internal.reflect.DirectConstructorHandleAccessor.newInstance(DirectConstructorHandleAccessor.java:62)
	at java.base/java.lang.reflect.Constructor.newInstanceWithCaller(Constructor.java:502)
	at java.base/java.lang.reflect.Constructor.newInstance(Constructor.java:486)
	at org.openqa.selenium.remote.codec.w3c.W3CHttpResponseCodec.createException(W3CHttpResponseCodec.java:199)
	at org.openqa.selenium.remote.codec.w3c.W3CHttpResponseCodec.decode(W3CHttpResponseCodec.java:132)
	at org.openqa.selenium.remote.codec.w3c.W3CHttpResponseCodec.decode(W3CHttpResponseCodec.java:51)
	at org.openqa.selenium.remote.HttpCommandExecutor.execute(HttpCommandExecutor.java:191)
	at org.openqa.selenium.remote.service.DriverCommandExecutor.invokeExecute(DriverCommandExecutor.java:196)
	at org.openqa.selenium.remote.service.DriverCommandExecutor.execute(DriverCommandExecutor.java:171)
	at org.openqa.selenium.remote.RemoteWebDriver.execute(RemoteWebDriver.java:531)
	at org.openqa.selenium.remote.ElementLocation$ElementFinder$2.findElement(ElementLocation.java:165)
	at org.openqa.selenium.remote.ElementLocation.findElement(ElementLocation.java:59)
	at org.openqa.selenium.remote.RemoteWebDriver.findElement(RemoteWebDriver.java:350)
	at org.openqa.selenium.remote.RemoteWebDriver.findElement(RemoteWebDriver.java:344)
	at org.openqa.selenium.support.pagefactory.DefaultElementLocator.findElement(DefaultElementLocator.java:68)
	at org.openqa.selenium.support.pagefactory.internal.LocatingElementHandler.invoke(LocatingElementHandler.java:38)
	at jdk.proxy2/jdk.proxy2.$Proxy32.getText(Unknown Source)
	at pages.Admin.verifyApplicationName(Admin.java:282)
	at Application.VerifyApplication.verifyApplicationName(VerifyApplication.java:160)
	at java.base/jdk.internal.reflect.DirectMethodHandleAccessor.invoke(DirectMethodHandleAccessor.java:103)
	at java.base/java.lang.reflect.Method.invoke(Method.java:580)
	at org.testng.internal.MethodInvocationHelper.invokeMethod(MethodInvocationHelper.java:80)
	at org.testng.internal.Invoker.invokeMethod(Invoker.java:714)
	at org.testng.internal.Invoker.invokeTestMethod(Invoker.java:901)
	at org.testng.internal.Invoker.invokeTestMethods(Invoker.java:1231)
	at org.testng.internal.TestMethodWorker.invokeTestMethods(TestMethodWorker.java:127)
	at org.testng.internal.TestMethodWorker.run(TestMethodWorker.java:111)
	at org.testng.TestRunner.privateRun(TestRunner.java:767)
	at org.testng.TestRunner.run(TestRunner.java:617)
	at org.testng.SuiteRunner.runTest(SuiteRunner.java:334)
	at org.testng.SuiteRunner.runSequentially(SuiteRunner.java:329)
	at org.testng.SuiteRunner.privateRun(SuiteRunner.java:291)
	at org.testng.SuiteRunner.run(SuiteRunner.java:240)
	at org.testng.SuiteRunnerWorker.runSuite(SuiteRunnerWorker.java:52)
	at org.testng.SuiteRunnerWorker.run(SuiteRunnerWorker.java:86)
	at org.testng.TestNG.runSuitesSequentially(TestNG.java:1198)
	at org.testng.TestNG.runSuitesLocally(TestNG.java:1123)
	at org.testng.TestNG.run(TestNG.java:1031)
	at org.testng.remote.AbstractRemoteTestNG.run(AbstractRemoteTestNG.java:115)
	at org.testng.remote.RemoteTestNG.initAndRun(RemoteTestNG.java:293)
	at org.testng.remote.RemoteTestNG.main(RemoteTestNG.java:91)
</textarea>
          
        </td>
      </tr>
  </tbody>
</table>
</div>
          </div>
        </li>
        <li class="test-item"  status="fail" test-id="8"
          author=""
          tag=""
          device="">
          <div class="test-detail">
            <p class="name">clickHRMSApplication</p>
            <p class="text-sm">
              <span>4:50:33 PM</span> / <span>00:02:00:672</span>
              <span class="badge fail-bg log float-right">Fail</span>
            </p>
          </div>
          <div class="test-contents d-none">
<div class="detail-head">
<div class="p-v-10">
<div class="info">
<h5 class="test-status text-fail">clickHRMSApplication</h5>
<span class='badge badge-success'>03.24.2025 4:50:33 PM</span>
<span class='badge badge-danger'>03.24.2025 4:52:34 PM</span>
<span class='badge badge-default'>00:02:00:672</span>
&middot; <span class='uri-anchor badge badge-default'>#test-id=8</span>
<span class='badge badge-default pointer float-right ml-1 et'><i class="fa fa-chevron-down"></i></span>
<span class='badge badge-default pointer float-right ct'><i class="fa fa-chevron-up"></i></span>
</div>
</div>
</div>    <div class="row mb-3"><div class="col-md-3">
<img data-featherlight='C:\Users\Lenovo\Downloads\Automation_Projects\Automation_Projects/Screenshots/clickHRMSApplication.png' src="C:\Users\Lenovo\Downloads\Automation_Projects\Automation_Projects/Screenshots/clickHRMSApplication.png">
    
    </div></div>
<div class="detail-body mt-4">
<table class="table table-sm">
  <thead><tr><th class="status-col">Status</th><th class="timestamp-col">Timestamp</th><th class="details-col">Details</th></tr></thead>
  <tbody>
      <tr class="event-row">
        <td><span class="badge log info-bg">Info</span></td>
        <td>4:50:33 PM</td>
        <td>
          click on HRMS Application
        </td>
      </tr>
      <tr class="event-row">
        <td><span class="badge log fail-bg">Fail</span></td>
        <td>4:52:34 PM</td>
        <td>
          Test Failed: clickHRMSApplication
        </td>
      </tr>
      <tr class="event-row">
        <td><span class="badge log fail-bg">Fail</span></td>
        <td>4:52:34 PM</td>
        <td>
          <textarea readonly class="code-block">org.openqa.selenium.NoSuchElementException: no such element: Unable to locate element: {"method":"xpath","selector":"//div[contains(@class, 'productui-value-title') and contains(text(), 'HRMS')]"}
  (Session info: MicrosoftEdge=134.0.3124.72)
For documentation on this error, please visit: https://www.selenium.dev/documentation/webdriver/troubleshooting/errors#no-such-element-exception
Build info: version: '4.10.0', revision: 'c14d967899'
System info: os.name: 'Windows 11', os.arch: 'amd64', os.version: '10.0', java.version: '22.0.1'
Driver info: org.openqa.selenium.edge.EdgeDriver
Command: [f27261d1dc4110724dab82d1f4938189, findElement {using=xpath, value=//div[contains(@class, 'productui-value-title') and contains(text(), 'HRMS')]}]
Capabilities {acceptInsecureCerts: false, browserName: MicrosoftEdge, browserVersion: 134.0.3124.72, fedcm:accounts: true, ms:edgeOptions: {debuggerAddress: localhost:51512}, msedge: {msedgedriverVersion: 134.0.3124.83 (b4ff70c9d7db..., userDataDir: C:\Users\Lenovo\AppData\Loc...}, networkConnectionEnabled: false, pageLoadStrategy: normal, platformName: windows, proxy: Proxy(), se:cdp: ws://localhost:51512/devtoo..., se:cdpVersion: 134.0.3124.72, setWindowRect: true, strictFileInteractability: false, timeouts: {implicit: 0, pageLoad: 300000, script: 30000}, unhandledPromptBehavior: dismiss and notify, webauthn:extension:credBlob: true, webauthn:extension:largeBlob: true, webauthn:extension:minPinLength: true, webauthn:extension:prf: true, webauthn:virtualAuthenticators: true}
Session ID: f27261d1dc4110724dab82d1f4938189
	at java.base/jdk.internal.reflect.DirectConstructorHandleAccessor.newInstance(DirectConstructorHandleAccessor.java:62)
	at java.base/java.lang.reflect.Constructor.newInstanceWithCaller(Constructor.java:502)
	at java.base/java.lang.reflect.Constructor.newInstance(Constructor.java:486)
	at org.openqa.selenium.remote.codec.w3c.W3CHttpResponseCodec.createException(W3CHttpResponseCodec.java:199)
	at org.openqa.selenium.remote.codec.w3c.W3CHttpResponseCodec.decode(W3CHttpResponseCodec.java:132)
	at org.openqa.selenium.remote.codec.w3c.W3CHttpResponseCodec.decode(W3CHttpResponseCodec.java:51)
	at org.openqa.selenium.remote.HttpCommandExecutor.execute(HttpCommandExecutor.java:191)
	at org.openqa.selenium.remote.service.DriverCommandExecutor.invokeExecute(DriverCommandExecutor.java:196)
	at org.openqa.selenium.remote.service.DriverCommandExecutor.execute(DriverCommandExecutor.java:171)
	at org.openqa.selenium.remote.RemoteWebDriver.execute(RemoteWebDriver.java:531)
	at org.openqa.selenium.remote.ElementLocation$ElementFinder$2.findElement(ElementLocation.java:165)
	at org.openqa.selenium.remote.ElementLocation.findElement(ElementLocation.java:59)
	at org.openqa.selenium.remote.RemoteWebDriver.findElement(RemoteWebDriver.java:350)
	at org.openqa.selenium.remote.RemoteWebDriver.findElement(RemoteWebDriver.java:344)
	at org.openqa.selenium.support.pagefactory.DefaultElementLocator.findElement(DefaultElementLocator.java:68)
	at org.openqa.selenium.support.pagefactory.internal.LocatingElementHandler.invoke(LocatingElementHandler.java:38)
	at jdk.proxy2/jdk.proxy2.$Proxy32.click(Unknown Source)
	at pages.Admin.clickHRMSApplication(Admin.java:290)
	at Application.VerifyApplication.clickHRMSApplication(VerifyApplication.java:178)
	at java.base/jdk.internal.reflect.DirectMethodHandleAccessor.invoke(DirectMethodHandleAccessor.java:103)
	at java.base/java.lang.reflect.Method.invoke(Method.java:580)
	at org.testng.internal.MethodInvocationHelper.invokeMethod(MethodInvocationHelper.java:80)
	at org.testng.internal.Invoker.invokeMethod(Invoker.java:714)
	at org.testng.internal.Invoker.invokeTestMethod(Invoker.java:901)
	at org.testng.internal.Invoker.invokeTestMethods(Invoker.java:1231)
	at org.testng.internal.TestMethodWorker.invokeTestMethods(TestMethodWorker.java:127)
	at org.testng.internal.TestMethodWorker.run(TestMethodWorker.java:111)
	at org.testng.TestRunner.privateRun(TestRunner.java:767)
	at org.testng.TestRunner.run(TestRunner.java:617)
	at org.testng.SuiteRunner.runTest(SuiteRunner.java:334)
	at org.testng.SuiteRunner.runSequentially(SuiteRunner.java:329)
	at org.testng.SuiteRunner.privateRun(SuiteRunner.java:291)
	at org.testng.SuiteRunner.run(SuiteRunner.java:240)
	at org.testng.SuiteRunnerWorker.runSuite(SuiteRunnerWorker.java:52)
	at org.testng.SuiteRunnerWorker.run(SuiteRunnerWorker.java:86)
	at org.testng.TestNG.runSuitesSequentially(TestNG.java:1198)
	at org.testng.TestNG.runSuitesLocally(TestNG.java:1123)
	at org.testng.TestNG.run(TestNG.java:1031)
	at org.testng.remote.AbstractRemoteTestNG.run(AbstractRemoteTestNG.java:115)
	at org.testng.remote.RemoteTestNG.initAndRun(RemoteTestNG.java:293)
	at org.testng.remote.RemoteTestNG.main(RemoteTestNG.java:91)
</textarea>
          
        </td>
      </tr>
  </tbody>
</table>
</div>
          </div>
        </li>
        <li class="test-item"  status="fail" test-id="9"
          author=""
          tag=""
          device="">
          <div class="test-detail">
            <p class="name">getSearchResultText</p>
            <p class="text-sm">
              <span>4:52:34 PM</span> / <span>00:00:30:028</span>
              <span class="badge fail-bg log float-right">Fail</span>
            </p>
          </div>
          <div class="test-contents d-none">
<div class="detail-head">
<div class="p-v-10">
<div class="info">
<h5 class="test-status text-fail">getSearchResultText</h5>
<span class='badge badge-success'>03.24.2025 4:52:34 PM</span>
<span class='badge badge-danger'>03.24.2025 4:53:04 PM</span>
<span class='badge badge-default'>00:00:30:028</span>
&middot; <span class='uri-anchor badge badge-default'>#test-id=9</span>
<span class='badge badge-default pointer float-right ml-1 et'><i class="fa fa-chevron-down"></i></span>
<span class='badge badge-default pointer float-right ct'><i class="fa fa-chevron-up"></i></span>
</div>
</div>
</div>    <div class="row mb-3"><div class="col-md-3">
<img data-featherlight='C:\Users\Lenovo\Downloads\Automation_Projects\Automation_Projects/Screenshots/getSearchResultText.png' src="C:\Users\Lenovo\Downloads\Automation_Projects\Automation_Projects/Screenshots/getSearchResultText.png">
    
    </div></div>
<div class="detail-body mt-4">
<table class="table table-sm">
  <thead><tr><th class="status-col">Status</th><th class="timestamp-col">Timestamp</th><th class="details-col">Details</th></tr></thead>
  <tbody>
      <tr class="event-row">
        <td><span class="badge log fail-bg">Fail</span></td>
        <td>4:53:04 PM</td>
        <td>
          Test Failed: getSearchResultText
        </td>
      </tr>
      <tr class="event-row">
        <td><span class="badge log fail-bg">Fail</span></td>
        <td>4:53:04 PM</td>
        <td>
          <textarea readonly class="code-block">org.openqa.selenium.NoSuchElementException: no such element: Unable to locate element: {"method":"xpath","selector":"(//div[contains(@class, 'value') and contains(@class, 'ng-star-inserted')])[4]"}
  (Session info: MicrosoftEdge=134.0.3124.72)
For documentation on this error, please visit: https://www.selenium.dev/documentation/webdriver/troubleshooting/errors#no-such-element-exception
Build info: version: '4.10.0', revision: 'c14d967899'
System info: os.name: 'Windows 11', os.arch: 'amd64', os.version: '10.0', java.version: '22.0.1'
Driver info: org.openqa.selenium.edge.EdgeDriver
Command: [f27261d1dc4110724dab82d1f4938189, findElement {using=xpath, value=(//div[contains(@class, 'value') and contains(@class, 'ng-star-inserted')])[4]}]
Capabilities {acceptInsecureCerts: false, browserName: MicrosoftEdge, browserVersion: 134.0.3124.72, fedcm:accounts: true, ms:edgeOptions: {debuggerAddress: localhost:51512}, msedge: {msedgedriverVersion: 134.0.3124.83 (b4ff70c9d7db..., userDataDir: C:\Users\Lenovo\AppData\Loc...}, networkConnectionEnabled: false, pageLoadStrategy: normal, platformName: windows, proxy: Proxy(), se:cdp: ws://localhost:51512/devtoo..., se:cdpVersion: 134.0.3124.72, setWindowRect: true, strictFileInteractability: false, timeouts: {implicit: 0, pageLoad: 300000, script: 30000}, unhandledPromptBehavior: dismiss and notify, webauthn:extension:credBlob: true, webauthn:extension:largeBlob: true, webauthn:extension:minPinLength: true, webauthn:extension:prf: true, webauthn:virtualAuthenticators: true}
Session ID: f27261d1dc4110724dab82d1f4938189
	at java.base/jdk.internal.reflect.DirectConstructorHandleAccessor.newInstance(DirectConstructorHandleAccessor.java:62)
	at java.base/java.lang.reflect.Constructor.newInstanceWithCaller(Constructor.java:502)
	at java.base/java.lang.reflect.Constructor.newInstance(Constructor.java:486)
	at org.openqa.selenium.remote.codec.w3c.W3CHttpResponseCodec.createException(W3CHttpResponseCodec.java:199)
	at org.openqa.selenium.remote.codec.w3c.W3CHttpResponseCodec.decode(W3CHttpResponseCodec.java:132)
	at org.openqa.selenium.remote.codec.w3c.W3CHttpResponseCodec.decode(W3CHttpResponseCodec.java:51)
	at org.openqa.selenium.remote.HttpCommandExecutor.execute(HttpCommandExecutor.java:191)
	at org.openqa.selenium.remote.service.DriverCommandExecutor.invokeExecute(DriverCommandExecutor.java:196)
	at org.openqa.selenium.remote.service.DriverCommandExecutor.execute(DriverCommandExecutor.java:171)
	at org.openqa.selenium.remote.RemoteWebDriver.execute(RemoteWebDriver.java:531)
	at org.openqa.selenium.remote.ElementLocation$ElementFinder$2.findElement(ElementLocation.java:165)
	at org.openqa.selenium.remote.ElementLocation.findElement(ElementLocation.java:59)
	at org.openqa.selenium.remote.RemoteWebDriver.findElement(RemoteWebDriver.java:350)
	at org.openqa.selenium.remote.RemoteWebDriver.findElement(RemoteWebDriver.java:344)
	at org.openqa.selenium.support.pagefactory.DefaultElementLocator.findElement(DefaultElementLocator.java:68)
	at org.openqa.selenium.support.pagefactory.internal.LocatingElementHandler.invoke(LocatingElementHandler.java:38)
	at jdk.proxy2/jdk.proxy2.$Proxy32.getText(Unknown Source)
	at pages.Admin.getSearchResultText(Admin.java:310)
	at Application.VerifyApplication.getSearchResultText(VerifyApplication.java:204)
	at java.base/jdk.internal.reflect.DirectMethodHandleAccessor.invoke(DirectMethodHandleAccessor.java:103)
	at java.base/java.lang.reflect.Method.invoke(Method.java:580)
	at org.testng.internal.MethodInvocationHelper.invokeMethod(MethodInvocationHelper.java:80)
	at org.testng.internal.Invoker.invokeMethod(Invoker.java:714)
	at org.testng.internal.Invoker.invokeTestMethod(Invoker.java:901)
	at org.testng.internal.Invoker.invokeTestMethods(Invoker.java:1231)
	at org.testng.internal.TestMethodWorker.invokeTestMethods(TestMethodWorker.java:127)
	at org.testng.internal.TestMethodWorker.run(TestMethodWorker.java:111)
	at org.testng.TestRunner.privateRun(TestRunner.java:767)
	at org.testng.TestRunner.run(TestRunner.java:617)
	at org.testng.SuiteRunner.runTest(SuiteRunner.java:334)
	at org.testng.SuiteRunner.runSequentially(SuiteRunner.java:329)
	at org.testng.SuiteRunner.privateRun(SuiteRunner.java:291)
	at org.testng.SuiteRunner.run(SuiteRunner.java:240)
	at org.testng.SuiteRunnerWorker.runSuite(SuiteRunnerWorker.java:52)
	at org.testng.SuiteRunnerWorker.run(SuiteRunnerWorker.java:86)
	at org.testng.TestNG.runSuitesSequentially(TestNG.java:1198)
	at org.testng.TestNG.runSuitesLocally(TestNG.java:1123)
	at org.testng.TestNG.run(TestNG.java:1031)
	at org.testng.remote.AbstractRemoteTestNG.run(AbstractRemoteTestNG.java:115)
	at org.testng.remote.RemoteTestNG.initAndRun(RemoteTestNG.java:293)
	at org.testng.remote.RemoteTestNG.main(RemoteTestNG.java:91)
</textarea>
          
        </td>
      </tr>
  </tbody>
</table>
</div>
          </div>
        </li>
        <li class="test-item"  status="fail" test-id="10"
          author=""
          tag=""
          device="">
          <div class="test-detail">
            <p class="name">clicksearchResult</p>
            <p class="text-sm">
              <span>4:53:04 PM</span> / <span>00:02:00:673</span>
              <span class="badge fail-bg log float-right">Fail</span>
            </p>
          </div>
          <div class="test-contents d-none">
<div class="detail-head">
<div class="p-v-10">
<div class="info">
<h5 class="test-status text-fail">clicksearchResult</h5>
<span class='badge badge-success'>03.24.2025 4:53:04 PM</span>
<span class='badge badge-danger'>03.24.2025 4:55:05 PM</span>
<span class='badge badge-default'>00:02:00:673</span>
&middot; <span class='uri-anchor badge badge-default'>#test-id=10</span>
<span class='badge badge-default pointer float-right ml-1 et'><i class="fa fa-chevron-down"></i></span>
<span class='badge badge-default pointer float-right ct'><i class="fa fa-chevron-up"></i></span>
</div>
</div>
</div>    <div class="row mb-3"><div class="col-md-3">
<img data-featherlight='C:\Users\Lenovo\Downloads\Automation_Projects\Automation_Projects/Screenshots/clicksearchResult.png' src="C:\Users\Lenovo\Downloads\Automation_Projects\Automation_Projects/Screenshots/clicksearchResult.png">
    
    </div></div>
<div class="detail-body mt-4">
<table class="table table-sm">
  <thead><tr><th class="status-col">Status</th><th class="timestamp-col">Timestamp</th><th class="details-col">Details</th></tr></thead>
  <tbody>
      <tr class="event-row">
        <td><span class="badge log info-bg">Info</span></td>
        <td>4:53:04 PM</td>
        <td>
          click search Result
        </td>
      </tr>
      <tr class="event-row">
        <td><span class="badge log fail-bg">Fail</span></td>
        <td>4:55:05 PM</td>
        <td>
          Test Failed: clicksearchResult
        </td>
      </tr>
      <tr class="event-row">
        <td><span class="badge log fail-bg">Fail</span></td>
        <td>4:55:05 PM</td>
        <td>
          <textarea readonly class="code-block">org.openqa.selenium.NoSuchElementException: no such element: Unable to locate element: {"method":"xpath","selector":"(//div[contains(@class, 'value') and contains(@class, 'ng-star-inserted')])[4]"}
  (Session info: MicrosoftEdge=134.0.3124.72)
For documentation on this error, please visit: https://www.selenium.dev/documentation/webdriver/troubleshooting/errors#no-such-element-exception
Build info: version: '4.10.0', revision: 'c14d967899'
System info: os.name: 'Windows 11', os.arch: 'amd64', os.version: '10.0', java.version: '22.0.1'
Driver info: org.openqa.selenium.edge.EdgeDriver
Command: [f27261d1dc4110724dab82d1f4938189, findElement {using=xpath, value=(//div[contains(@class, 'value') and contains(@class, 'ng-star-inserted')])[4]}]
Capabilities {acceptInsecureCerts: false, browserName: MicrosoftEdge, browserVersion: 134.0.3124.72, fedcm:accounts: true, ms:edgeOptions: {debuggerAddress: localhost:51512}, msedge: {msedgedriverVersion: 134.0.3124.83 (b4ff70c9d7db..., userDataDir: C:\Users\Lenovo\AppData\Loc...}, networkConnectionEnabled: false, pageLoadStrategy: normal, platformName: windows, proxy: Proxy(), se:cdp: ws://localhost:51512/devtoo..., se:cdpVersion: 134.0.3124.72, setWindowRect: true, strictFileInteractability: false, timeouts: {implicit: 0, pageLoad: 300000, script: 30000}, unhandledPromptBehavior: dismiss and notify, webauthn:extension:credBlob: true, webauthn:extension:largeBlob: true, webauthn:extension:minPinLength: true, webauthn:extension:prf: true, webauthn:virtualAuthenticators: true}
Session ID: f27261d1dc4110724dab82d1f4938189
	at java.base/jdk.internal.reflect.DirectConstructorHandleAccessor.newInstance(DirectConstructorHandleAccessor.java:62)
	at java.base/java.lang.reflect.Constructor.newInstanceWithCaller(Constructor.java:502)
	at java.base/java.lang.reflect.Constructor.newInstance(Constructor.java:486)
	at org.openqa.selenium.remote.codec.w3c.W3CHttpResponseCodec.createException(W3CHttpResponseCodec.java:199)
	at org.openqa.selenium.remote.codec.w3c.W3CHttpResponseCodec.decode(W3CHttpResponseCodec.java:132)
	at org.openqa.selenium.remote.codec.w3c.W3CHttpResponseCodec.decode(W3CHttpResponseCodec.java:51)
	at org.openqa.selenium.remote.HttpCommandExecutor.execute(HttpCommandExecutor.java:191)
	at org.openqa.selenium.remote.service.DriverCommandExecutor.invokeExecute(DriverCommandExecutor.java:196)
	at org.openqa.selenium.remote.service.DriverCommandExecutor.execute(DriverCommandExecutor.java:171)
	at org.openqa.selenium.remote.RemoteWebDriver.execute(RemoteWebDriver.java:531)
	at org.openqa.selenium.remote.ElementLocation$ElementFinder$2.findElement(ElementLocation.java:165)
	at org.openqa.selenium.remote.ElementLocation.findElement(ElementLocation.java:59)
	at org.openqa.selenium.remote.RemoteWebDriver.findElement(RemoteWebDriver.java:350)
	at org.openqa.selenium.remote.RemoteWebDriver.findElement(RemoteWebDriver.java:344)
	at org.openqa.selenium.support.pagefactory.DefaultElementLocator.findElement(DefaultElementLocator.java:68)
	at org.openqa.selenium.support.pagefactory.internal.LocatingElementHandler.invoke(LocatingElementHandler.java:38)
	at jdk.proxy2/jdk.proxy2.$Proxy32.click(Unknown Source)
	at pages.Admin.clicksearchResult(Admin.java:316)
	at Application.VerifyApplication.clicksearchResult(VerifyApplication.java:226)
	at java.base/jdk.internal.reflect.DirectMethodHandleAccessor.invoke(DirectMethodHandleAccessor.java:103)
	at java.base/java.lang.reflect.Method.invoke(Method.java:580)
	at org.testng.internal.MethodInvocationHelper.invokeMethod(MethodInvocationHelper.java:80)
	at org.testng.internal.Invoker.invokeMethod(Invoker.java:714)
	at org.testng.internal.Invoker.invokeTestMethod(Invoker.java:901)
	at org.testng.internal.Invoker.invokeTestMethods(Invoker.java:1231)
	at org.testng.internal.TestMethodWorker.invokeTestMethods(TestMethodWorker.java:127)
	at org.testng.internal.TestMethodWorker.run(TestMethodWorker.java:111)
	at org.testng.TestRunner.privateRun(TestRunner.java:767)
	at org.testng.TestRunner.run(TestRunner.java:617)
	at org.testng.SuiteRunner.runTest(SuiteRunner.java:334)
	at org.testng.SuiteRunner.runSequentially(SuiteRunner.java:329)
	at org.testng.SuiteRunner.privateRun(SuiteRunner.java:291)
	at org.testng.SuiteRunner.run(SuiteRunner.java:240)
	at org.testng.SuiteRunnerWorker.runSuite(SuiteRunnerWorker.java:52)
	at org.testng.SuiteRunnerWorker.run(SuiteRunnerWorker.java:86)
	at org.testng.TestNG.runSuitesSequentially(TestNG.java:1198)
	at org.testng.TestNG.runSuitesLocally(TestNG.java:1123)
	at org.testng.TestNG.run(TestNG.java:1031)
	at org.testng.remote.AbstractRemoteTestNG.run(AbstractRemoteTestNG.java:115)
	at org.testng.remote.RemoteTestNG.initAndRun(RemoteTestNG.java:293)
	at org.testng.remote.RemoteTestNG.main(RemoteTestNG.java:91)
</textarea>
          
        </td>
      </tr>
  </tbody>
</table>
</div>
          </div>
        </li>
        <li class="test-item"  status="fail" test-id="11"
          author=""
          tag=""
          device="">
          <div class="test-detail">
            <p class="name">clickonColumnName</p>
            <p class="text-sm">
              <span>4:55:05 PM</span> / <span>00:02:00:728</span>
              <span class="badge fail-bg log float-right">Fail</span>
            </p>
          </div>
          <div class="test-contents d-none">
<div class="detail-head">
<div class="p-v-10">
<div class="info">
<h5 class="test-status text-fail">clickonColumnName</h5>
<span class='badge badge-success'>03.24.2025 4:55:05 PM</span>
<span class='badge badge-danger'>03.24.2025 4:57:06 PM</span>
<span class='badge badge-default'>00:02:00:728</span>
&middot; <span class='uri-anchor badge badge-default'>#test-id=11</span>
<span class='badge badge-default pointer float-right ml-1 et'><i class="fa fa-chevron-down"></i></span>
<span class='badge badge-default pointer float-right ct'><i class="fa fa-chevron-up"></i></span>
</div>
</div>
</div>    <div class="row mb-3"><div class="col-md-3">
<img data-featherlight='C:\Users\Lenovo\Downloads\Automation_Projects\Automation_Projects/Screenshots/clickonColumnName.png' src="C:\Users\Lenovo\Downloads\Automation_Projects\Automation_Projects/Screenshots/clickonColumnName.png">
    
    </div></div>
<div class="detail-body mt-4">
<table class="table table-sm">
  <thead><tr><th class="status-col">Status</th><th class="timestamp-col">Timestamp</th><th class="details-col">Details</th></tr></thead>
  <tbody>
      <tr class="event-row">
        <td><span class="badge log info-bg">Info</span></td>
        <td>4:55:05 PM</td>
        <td>
          click on column name
        </td>
      </tr>
      <tr class="event-row">
        <td><span class="badge log fail-bg">Fail</span></td>
        <td>4:57:06 PM</td>
        <td>
          Test Failed: clickonColumnName
        </td>
      </tr>
      <tr class="event-row">
        <td><span class="badge log fail-bg">Fail</span></td>
        <td>4:57:06 PM</td>
        <td>
          <textarea readonly class="code-block">org.openqa.selenium.NoSuchElementException: no such element: Unable to locate element: {"method":"xpath","selector":"//input[contains(@class, 'mat-mdc-input-element')]"}
  (Session info: MicrosoftEdge=134.0.3124.72)
For documentation on this error, please visit: https://www.selenium.dev/documentation/webdriver/troubleshooting/errors#no-such-element-exception
Build info: version: '4.10.0', revision: 'c14d967899'
System info: os.name: 'Windows 11', os.arch: 'amd64', os.version: '10.0', java.version: '22.0.1'
Driver info: org.openqa.selenium.edge.EdgeDriver
Command: [f27261d1dc4110724dab82d1f4938189, findElement {using=xpath, value=//input[contains(@class, 'mat-mdc-input-element')]}]
Capabilities {acceptInsecureCerts: false, browserName: MicrosoftEdge, browserVersion: 134.0.3124.72, fedcm:accounts: true, ms:edgeOptions: {debuggerAddress: localhost:51512}, msedge: {msedgedriverVersion: 134.0.3124.83 (b4ff70c9d7db..., userDataDir: C:\Users\Lenovo\AppData\Loc...}, networkConnectionEnabled: false, pageLoadStrategy: normal, platformName: windows, proxy: Proxy(), se:cdp: ws://localhost:51512/devtoo..., se:cdpVersion: 134.0.3124.72, setWindowRect: true, strictFileInteractability: false, timeouts: {implicit: 0, pageLoad: 300000, script: 30000}, unhandledPromptBehavior: dismiss and notify, webauthn:extension:credBlob: true, webauthn:extension:largeBlob: true, webauthn:extension:minPinLength: true, webauthn:extension:prf: true, webauthn:virtualAuthenticators: true}
Session ID: f27261d1dc4110724dab82d1f4938189
	at java.base/jdk.internal.reflect.DirectConstructorHandleAccessor.newInstance(DirectConstructorHandleAccessor.java:62)
	at java.base/java.lang.reflect.Constructor.newInstanceWithCaller(Constructor.java:502)
	at java.base/java.lang.reflect.Constructor.newInstance(Constructor.java:486)
	at org.openqa.selenium.remote.codec.w3c.W3CHttpResponseCodec.createException(W3CHttpResponseCodec.java:199)
	at org.openqa.selenium.remote.codec.w3c.W3CHttpResponseCodec.decode(W3CHttpResponseCodec.java:132)
	at org.openqa.selenium.remote.codec.w3c.W3CHttpResponseCodec.decode(W3CHttpResponseCodec.java:51)
	at org.openqa.selenium.remote.HttpCommandExecutor.execute(HttpCommandExecutor.java:191)
	at org.openqa.selenium.remote.service.DriverCommandExecutor.invokeExecute(DriverCommandExecutor.java:196)
	at org.openqa.selenium.remote.service.DriverCommandExecutor.execute(DriverCommandExecutor.java:171)
	at org.openqa.selenium.remote.RemoteWebDriver.execute(RemoteWebDriver.java:531)
	at org.openqa.selenium.remote.ElementLocation$ElementFinder$2.findElement(ElementLocation.java:165)
	at org.openqa.selenium.remote.ElementLocation.findElement(ElementLocation.java:59)
	at org.openqa.selenium.remote.RemoteWebDriver.findElement(RemoteWebDriver.java:350)
	at org.openqa.selenium.remote.RemoteWebDriver.findElement(RemoteWebDriver.java:344)
	at org.openqa.selenium.support.pagefactory.DefaultElementLocator.findElement(DefaultElementLocator.java:68)
	at org.openqa.selenium.support.pagefactory.internal.LocatingElementHandler.invoke(LocatingElementHandler.java:38)
	at jdk.proxy2/jdk.proxy2.$Proxy32.click(Unknown Source)
	at pages.Admin.clickonColumnName(Admin.java:321)
	at Application.VerifyApplication.clickonColumnName(VerifyApplication.java:235)
	at java.base/jdk.internal.reflect.DirectMethodHandleAccessor.invoke(DirectMethodHandleAccessor.java:103)
	at java.base/java.lang.reflect.Method.invoke(Method.java:580)
	at org.testng.internal.MethodInvocationHelper.invokeMethod(MethodInvocationHelper.java:80)
	at org.testng.internal.Invoker.invokeMethod(Invoker.java:714)
	at org.testng.internal.Invoker.invokeTestMethod(Invoker.java:901)
	at org.testng.internal.Invoker.invokeTestMethods(Invoker.java:1231)
	at org.testng.internal.TestMethodWorker.invokeTestMethods(TestMethodWorker.java:127)
	at org.testng.internal.TestMethodWorker.run(TestMethodWorker.java:111)
	at org.testng.TestRunner.privateRun(TestRunner.java:767)
	at org.testng.TestRunner.run(TestRunner.java:617)
	at org.testng.SuiteRunner.runTest(SuiteRunner.java:334)
	at org.testng.SuiteRunner.runSequentially(SuiteRunner.java:329)
	at org.testng.SuiteRunner.privateRun(SuiteRunner.java:291)
	at org.testng.SuiteRunner.run(SuiteRunner.java:240)
	at org.testng.SuiteRunnerWorker.runSuite(SuiteRunnerWorker.java:52)
	at org.testng.SuiteRunnerWorker.run(SuiteRunnerWorker.java:86)
	at org.testng.TestNG.runSuitesSequentially(TestNG.java:1198)
	at org.testng.TestNG.runSuitesLocally(TestNG.java:1123)
	at org.testng.TestNG.run(TestNG.java:1031)
	at org.testng.remote.AbstractRemoteTestNG.run(AbstractRemoteTestNG.java:115)
	at org.testng.remote.RemoteTestNG.initAndRun(RemoteTestNG.java:293)
	at org.testng.remote.RemoteTestNG.main(RemoteTestNG.java:91)
</textarea>
          
        </td>
      </tr>
  </tbody>
</table>
</div>
          </div>
        </li>
        <li class="test-item"  status="fail" test-id="12"
          author=""
          tag=""
          device="">
          <div class="test-detail">
            <p class="name">clickonEntities</p>
            <p class="text-sm">
              <span>4:57:06 PM</span> / <span>00:02:00:663</span>
              <span class="badge fail-bg log float-right">Fail</span>
            </p>
          </div>
          <div class="test-contents d-none">
<div class="detail-head">
<div class="p-v-10">
<div class="info">
<h5 class="test-status text-fail">clickonEntities</h5>
<span class='badge badge-success'>03.24.2025 4:57:06 PM</span>
<span class='badge badge-danger'>03.24.2025 4:59:07 PM</span>
<span class='badge badge-default'>00:02:00:663</span>
&middot; <span class='uri-anchor badge badge-default'>#test-id=12</span>
<span class='badge badge-default pointer float-right ml-1 et'><i class="fa fa-chevron-down"></i></span>
<span class='badge badge-default pointer float-right ct'><i class="fa fa-chevron-up"></i></span>
</div>
</div>
</div>    <div class="row mb-3"><div class="col-md-3">
<img data-featherlight='C:\Users\Lenovo\Downloads\Automation_Projects\Automation_Projects/Screenshots/clickonEntities.png' src="C:\Users\Lenovo\Downloads\Automation_Projects\Automation_Projects/Screenshots/clickonEntities.png">
    
    </div></div>
<div class="detail-body mt-4">
<table class="table table-sm">
  <thead><tr><th class="status-col">Status</th><th class="timestamp-col">Timestamp</th><th class="details-col">Details</th></tr></thead>
  <tbody>
      <tr class="event-row">
        <td><span class="badge log info-bg">Info</span></td>
        <td>4:57:06 PM</td>
        <td>
          click on Entities
        </td>
      </tr>
      <tr class="event-row">
        <td><span class="badge log fail-bg">Fail</span></td>
        <td>4:59:07 PM</td>
        <td>
          Test Failed: clickonEntities
        </td>
      </tr>
      <tr class="event-row">
        <td><span class="badge log fail-bg">Fail</span></td>
        <td>4:59:07 PM</td>
        <td>
          <textarea readonly class="code-block">org.openqa.selenium.NoSuchElementException: no such element: Unable to locate element: {"method":"xpath","selector":"//div[contains(@class, 'app_tab_title')]//span[contains(text(), 'Entities')]"}
  (Session info: MicrosoftEdge=134.0.3124.72)
For documentation on this error, please visit: https://www.selenium.dev/documentation/webdriver/troubleshooting/errors#no-such-element-exception
Build info: version: '4.10.0', revision: 'c14d967899'
System info: os.name: 'Windows 11', os.arch: 'amd64', os.version: '10.0', java.version: '22.0.1'
Driver info: org.openqa.selenium.edge.EdgeDriver
Command: [f27261d1dc4110724dab82d1f4938189, findElement {using=xpath, value=//div[contains(@class, 'app_tab_title')]//span[contains(text(), 'Entities')]}]
Capabilities {acceptInsecureCerts: false, browserName: MicrosoftEdge, browserVersion: 134.0.3124.72, fedcm:accounts: true, ms:edgeOptions: {debuggerAddress: localhost:51512}, msedge: {msedgedriverVersion: 134.0.3124.83 (b4ff70c9d7db..., userDataDir: C:\Users\Lenovo\AppData\Loc...}, networkConnectionEnabled: false, pageLoadStrategy: normal, platformName: windows, proxy: Proxy(), se:cdp: ws://localhost:51512/devtoo..., se:cdpVersion: 134.0.3124.72, setWindowRect: true, strictFileInteractability: false, timeouts: {implicit: 0, pageLoad: 300000, script: 30000}, unhandledPromptBehavior: dismiss and notify, webauthn:extension:credBlob: true, webauthn:extension:largeBlob: true, webauthn:extension:minPinLength: true, webauthn:extension:prf: true, webauthn:virtualAuthenticators: true}
Session ID: f27261d1dc4110724dab82d1f4938189
	at java.base/jdk.internal.reflect.DirectConstructorHandleAccessor.newInstance(DirectConstructorHandleAccessor.java:62)
	at java.base/java.lang.reflect.Constructor.newInstanceWithCaller(Constructor.java:502)
	at java.base/java.lang.reflect.Constructor.newInstance(Constructor.java:486)
	at org.openqa.selenium.remote.codec.w3c.W3CHttpResponseCodec.createException(W3CHttpResponseCodec.java:199)
	at org.openqa.selenium.remote.codec.w3c.W3CHttpResponseCodec.decode(W3CHttpResponseCodec.java:132)
	at org.openqa.selenium.remote.codec.w3c.W3CHttpResponseCodec.decode(W3CHttpResponseCodec.java:51)
	at org.openqa.selenium.remote.HttpCommandExecutor.execute(HttpCommandExecutor.java:191)
	at org.openqa.selenium.remote.service.DriverCommandExecutor.invokeExecute(DriverCommandExecutor.java:196)
	at org.openqa.selenium.remote.service.DriverCommandExecutor.execute(DriverCommandExecutor.java:171)
	at org.openqa.selenium.remote.RemoteWebDriver.execute(RemoteWebDriver.java:531)
	at org.openqa.selenium.remote.ElementLocation$ElementFinder$2.findElement(ElementLocation.java:165)
	at org.openqa.selenium.remote.ElementLocation.findElement(ElementLocation.java:59)
	at org.openqa.selenium.remote.RemoteWebDriver.findElement(RemoteWebDriver.java:350)
	at org.openqa.selenium.remote.RemoteWebDriver.findElement(RemoteWebDriver.java:344)
	at org.openqa.selenium.support.pagefactory.DefaultElementLocator.findElement(DefaultElementLocator.java:68)
	at org.openqa.selenium.support.pagefactory.internal.LocatingElementHandler.invoke(LocatingElementHandler.java:38)
	at jdk.proxy2/jdk.proxy2.$Proxy32.click(Unknown Source)
	at pages.Admin.clickonEntities(Admin.java:333)
	at Application.VerifyApplication.clickonEntities(VerifyApplication.java:243)
	at java.base/jdk.internal.reflect.DirectMethodHandleAccessor.invoke(DirectMethodHandleAccessor.java:103)
	at java.base/java.lang.reflect.Method.invoke(Method.java:580)
	at org.testng.internal.MethodInvocationHelper.invokeMethod(MethodInvocationHelper.java:80)
	at org.testng.internal.Invoker.invokeMethod(Invoker.java:714)
	at org.testng.internal.Invoker.invokeTestMethod(Invoker.java:901)
	at org.testng.internal.Invoker.invokeTestMethods(Invoker.java:1231)
	at org.testng.internal.TestMethodWorker.invokeTestMethods(TestMethodWorker.java:127)
	at org.testng.internal.TestMethodWorker.run(TestMethodWorker.java:111)
	at org.testng.TestRunner.privateRun(TestRunner.java:767)
	at org.testng.TestRunner.run(TestRunner.java:617)
	at org.testng.SuiteRunner.runTest(SuiteRunner.java:334)
	at org.testng.SuiteRunner.runSequentially(SuiteRunner.java:329)
	at org.testng.SuiteRunner.privateRun(SuiteRunner.java:291)
	at org.testng.SuiteRunner.run(SuiteRunner.java:240)
	at org.testng.SuiteRunnerWorker.runSuite(SuiteRunnerWorker.java:52)
	at org.testng.SuiteRunnerWorker.run(SuiteRunnerWorker.java:86)
	at org.testng.TestNG.runSuitesSequentially(TestNG.java:1198)
	at org.testng.TestNG.runSuitesLocally(TestNG.java:1123)
	at org.testng.TestNG.run(TestNG.java:1031)
	at org.testng.remote.AbstractRemoteTestNG.run(AbstractRemoteTestNG.java:115)
	at org.testng.remote.RemoteTestNG.initAndRun(RemoteTestNG.java:293)
	at org.testng.remote.RemoteTestNG.main(RemoteTestNG.java:91)
</textarea>
          
        </td>
      </tr>
  </tbody>
</table>
</div>
          </div>
        </li>
        <li class="test-item"  status="fail" test-id="13"
          author=""
          tag=""
          device="">
          <div class="test-detail">
            <p class="name">clickonEntitiesSearch</p>
            <p class="text-sm">
              <span>4:59:07 PM</span> / <span>00:02:00:682</span>
              <span class="badge fail-bg log float-right">Fail</span>
            </p>
          </div>
          <div class="test-contents d-none">
<div class="detail-head">
<div class="p-v-10">
<div class="info">
<h5 class="test-status text-fail">clickonEntitiesSearch</h5>
<span class='badge badge-success'>03.24.2025 4:59:07 PM</span>
<span class='badge badge-danger'>03.24.2025 5:01:08 PM</span>
<span class='badge badge-default'>00:02:00:682</span>
&middot; <span class='uri-anchor badge badge-default'>#test-id=13</span>
<span class='badge badge-default pointer float-right ml-1 et'><i class="fa fa-chevron-down"></i></span>
<span class='badge badge-default pointer float-right ct'><i class="fa fa-chevron-up"></i></span>
</div>
</div>
</div>    <div class="row mb-3"><div class="col-md-3">
<img data-featherlight='C:\Users\Lenovo\Downloads\Automation_Projects\Automation_Projects/Screenshots/clickonEntitiesSearch.png' src="C:\Users\Lenovo\Downloads\Automation_Projects\Automation_Projects/Screenshots/clickonEntitiesSearch.png">
    
    </div></div>
<div class="detail-body mt-4">
<table class="table table-sm">
  <thead><tr><th class="status-col">Status</th><th class="timestamp-col">Timestamp</th><th class="details-col">Details</th></tr></thead>
  <tbody>
      <tr class="event-row">
        <td><span class="badge log info-bg">Info</span></td>
        <td>4:59:07 PM</td>
        <td>
          clickonEntitiesSearch
        </td>
      </tr>
      <tr class="event-row">
        <td><span class="badge log fail-bg">Fail</span></td>
        <td>5:01:08 PM</td>
        <td>
          Test Failed: clickonEntitiesSearch
        </td>
      </tr>
      <tr class="event-row">
        <td><span class="badge log fail-bg">Fail</span></td>
        <td>5:01:08 PM</td>
        <td>
          <textarea readonly class="code-block">org.openqa.selenium.NoSuchElementException: no such element: Unable to locate element: {"method":"xpath","selector":"//input[@type='text' and contains(@class, 'mat-mdc-input-element') and contains(@placeholder, 'Search')]"}
  (Session info: MicrosoftEdge=134.0.3124.72)
For documentation on this error, please visit: https://www.selenium.dev/documentation/webdriver/troubleshooting/errors#no-such-element-exception
Build info: version: '4.10.0', revision: 'c14d967899'
System info: os.name: 'Windows 11', os.arch: 'amd64', os.version: '10.0', java.version: '22.0.1'
Driver info: org.openqa.selenium.edge.EdgeDriver
Command: [f27261d1dc4110724dab82d1f4938189, findElement {using=xpath, value=//input[@type='text' and contains(@class, 'mat-mdc-input-element') and contains(@placeholder, 'Search')]}]
Capabilities {acceptInsecureCerts: false, browserName: MicrosoftEdge, browserVersion: 134.0.3124.72, fedcm:accounts: true, ms:edgeOptions: {debuggerAddress: localhost:51512}, msedge: {msedgedriverVersion: 134.0.3124.83 (b4ff70c9d7db..., userDataDir: C:\Users\Lenovo\AppData\Loc...}, networkConnectionEnabled: false, pageLoadStrategy: normal, platformName: windows, proxy: Proxy(), se:cdp: ws://localhost:51512/devtoo..., se:cdpVersion: 134.0.3124.72, setWindowRect: true, strictFileInteractability: false, timeouts: {implicit: 0, pageLoad: 300000, script: 30000}, unhandledPromptBehavior: dismiss and notify, webauthn:extension:credBlob: true, webauthn:extension:largeBlob: true, webauthn:extension:minPinLength: true, webauthn:extension:prf: true, webauthn:virtualAuthenticators: true}
Session ID: f27261d1dc4110724dab82d1f4938189
	at java.base/jdk.internal.reflect.DirectConstructorHandleAccessor.newInstance(DirectConstructorHandleAccessor.java:62)
	at java.base/java.lang.reflect.Constructor.newInstanceWithCaller(Constructor.java:502)
	at java.base/java.lang.reflect.Constructor.newInstance(Constructor.java:486)
	at org.openqa.selenium.remote.codec.w3c.W3CHttpResponseCodec.createException(W3CHttpResponseCodec.java:199)
	at org.openqa.selenium.remote.codec.w3c.W3CHttpResponseCodec.decode(W3CHttpResponseCodec.java:132)
	at org.openqa.selenium.remote.codec.w3c.W3CHttpResponseCodec.decode(W3CHttpResponseCodec.java:51)
	at org.openqa.selenium.remote.HttpCommandExecutor.execute(HttpCommandExecutor.java:191)
	at org.openqa.selenium.remote.service.DriverCommandExecutor.invokeExecute(DriverCommandExecutor.java:196)
	at org.openqa.selenium.remote.service.DriverCommandExecutor.execute(DriverCommandExecutor.java:171)
	at org.openqa.selenium.remote.RemoteWebDriver.execute(RemoteWebDriver.java:531)
	at org.openqa.selenium.remote.ElementLocation$ElementFinder$2.findElement(ElementLocation.java:165)
	at org.openqa.selenium.remote.ElementLocation.findElement(ElementLocation.java:59)
	at org.openqa.selenium.remote.RemoteWebDriver.findElement(RemoteWebDriver.java:350)
	at org.openqa.selenium.remote.RemoteWebDriver.findElement(RemoteWebDriver.java:344)
	at org.openqa.selenium.support.pagefactory.DefaultElementLocator.findElement(DefaultElementLocator.java:68)
	at org.openqa.selenium.support.pagefactory.internal.LocatingElementHandler.invoke(LocatingElementHandler.java:38)
	at jdk.proxy2/jdk.proxy2.$Proxy32.click(Unknown Source)
	at pages.Admin.clickonEntitiesSearch(Admin.java:340)
	at Application.VerifyApplication.clickonEntitiesSearch(VerifyApplication.java:250)
	at java.base/jdk.internal.reflect.DirectMethodHandleAccessor.invoke(DirectMethodHandleAccessor.java:103)
	at java.base/java.lang.reflect.Method.invoke(Method.java:580)
	at org.testng.internal.MethodInvocationHelper.invokeMethod(MethodInvocationHelper.java:80)
	at org.testng.internal.Invoker.invokeMethod(Invoker.java:714)
	at org.testng.internal.Invoker.invokeTestMethod(Invoker.java:901)
	at org.testng.internal.Invoker.invokeTestMethods(Invoker.java:1231)
	at org.testng.internal.TestMethodWorker.invokeTestMethods(TestMethodWorker.java:127)
	at org.testng.internal.TestMethodWorker.run(TestMethodWorker.java:111)
	at org.testng.TestRunner.privateRun(TestRunner.java:767)
	at org.testng.TestRunner.run(TestRunner.java:617)
	at org.testng.SuiteRunner.runTest(SuiteRunner.java:334)
	at org.testng.SuiteRunner.runSequentially(SuiteRunner.java:329)
	at org.testng.SuiteRunner.privateRun(SuiteRunner.java:291)
	at org.testng.SuiteRunner.run(SuiteRunner.java:240)
	at org.testng.SuiteRunnerWorker.runSuite(SuiteRunnerWorker.java:52)
	at org.testng.SuiteRunnerWorker.run(SuiteRunnerWorker.java:86)
	at org.testng.TestNG.runSuitesSequentially(TestNG.java:1198)
	at org.testng.TestNG.runSuitesLocally(TestNG.java:1123)
	at org.testng.TestNG.run(TestNG.java:1031)
	at org.testng.remote.AbstractRemoteTestNG.run(AbstractRemoteTestNG.java:115)
	at org.testng.remote.RemoteTestNG.initAndRun(RemoteTestNG.java:293)
	at org.testng.remote.RemoteTestNG.main(RemoteTestNG.java:91)
</textarea>
          
        </td>
      </tr>
  </tbody>
</table>
</div>
          </div>
        </li>
        <li class="test-item"  status="fail" test-id="14"
          author=""
          tag=""
          device="">
          <div class="test-detail">
            <p class="name">getSearchResultTexts</p>
            <p class="text-sm">
              <span>5:01:08 PM</span> / <span>00:00:30:091</span>
              <span class="badge fail-bg log float-right">Fail</span>
            </p>
          </div>
          <div class="test-contents d-none">
<div class="detail-head">
<div class="p-v-10">
<div class="info">
<h5 class="test-status text-fail">getSearchResultTexts</h5>
<span class='badge badge-success'>03.24.2025 5:01:08 PM</span>
<span class='badge badge-danger'>03.24.2025 5:01:38 PM</span>
<span class='badge badge-default'>00:00:30:091</span>
&middot; <span class='uri-anchor badge badge-default'>#test-id=14</span>
<span class='badge badge-default pointer float-right ml-1 et'><i class="fa fa-chevron-down"></i></span>
<span class='badge badge-default pointer float-right ct'><i class="fa fa-chevron-up"></i></span>
</div>
</div>
</div>    <div class="row mb-3"><div class="col-md-3">
<img data-featherlight='C:\Users\Lenovo\Downloads\Automation_Projects\Automation_Projects/Screenshots/getSearchResultTexts.png' src="C:\Users\Lenovo\Downloads\Automation_Projects\Automation_Projects/Screenshots/getSearchResultTexts.png">
    
    </div></div>
<div class="detail-body mt-4">
<table class="table table-sm">
  <thead><tr><th class="status-col">Status</th><th class="timestamp-col">Timestamp</th><th class="details-col">Details</th></tr></thead>
  <tbody>
      <tr class="event-row">
        <td><span class="badge log fail-bg">Fail</span></td>
        <td>5:01:38 PM</td>
        <td>
          Test Failed: getSearchResultTexts
        </td>
      </tr>
      <tr class="event-row">
        <td><span class="badge log fail-bg">Fail</span></td>
        <td>5:01:38 PM</td>
        <td>
          <textarea readonly class="code-block">org.openqa.selenium.NoSuchElementException: no such element: Unable to locate element: {"method":"xpath","selector":"(//div[contains(@class, 'value') and contains(text(), 'Employee')])[1]"}
  (Session info: MicrosoftEdge=134.0.3124.72)
For documentation on this error, please visit: https://www.selenium.dev/documentation/webdriver/troubleshooting/errors#no-such-element-exception
Build info: version: '4.10.0', revision: 'c14d967899'
System info: os.name: 'Windows 11', os.arch: 'amd64', os.version: '10.0', java.version: '22.0.1'
Driver info: org.openqa.selenium.edge.EdgeDriver
Command: [f27261d1dc4110724dab82d1f4938189, findElement {using=xpath, value=(//div[contains(@class, 'value') and contains(text(), 'Employee')])[1]}]
Capabilities {acceptInsecureCerts: false, browserName: MicrosoftEdge, browserVersion: 134.0.3124.72, fedcm:accounts: true, ms:edgeOptions: {debuggerAddress: localhost:51512}, msedge: {msedgedriverVersion: 134.0.3124.83 (b4ff70c9d7db..., userDataDir: C:\Users\Lenovo\AppData\Loc...}, networkConnectionEnabled: false, pageLoadStrategy: normal, platformName: windows, proxy: Proxy(), se:cdp: ws://localhost:51512/devtoo..., se:cdpVersion: 134.0.3124.72, setWindowRect: true, strictFileInteractability: false, timeouts: {implicit: 0, pageLoad: 300000, script: 30000}, unhandledPromptBehavior: dismiss and notify, webauthn:extension:credBlob: true, webauthn:extension:largeBlob: true, webauthn:extension:minPinLength: true, webauthn:extension:prf: true, webauthn:virtualAuthenticators: true}
Session ID: f27261d1dc4110724dab82d1f4938189
	at java.base/jdk.internal.reflect.DirectConstructorHandleAccessor.newInstance(DirectConstructorHandleAccessor.java:62)
	at java.base/java.lang.reflect.Constructor.newInstanceWithCaller(Constructor.java:502)
	at java.base/java.lang.reflect.Constructor.newInstance(Constructor.java:486)
	at org.openqa.selenium.remote.codec.w3c.W3CHttpResponseCodec.createException(W3CHttpResponseCodec.java:199)
	at org.openqa.selenium.remote.codec.w3c.W3CHttpResponseCodec.decode(W3CHttpResponseCodec.java:132)
	at org.openqa.selenium.remote.codec.w3c.W3CHttpResponseCodec.decode(W3CHttpResponseCodec.java:51)
	at org.openqa.selenium.remote.HttpCommandExecutor.execute(HttpCommandExecutor.java:191)
	at org.openqa.selenium.remote.service.DriverCommandExecutor.invokeExecute(DriverCommandExecutor.java:196)
	at org.openqa.selenium.remote.service.DriverCommandExecutor.execute(DriverCommandExecutor.java:171)
	at org.openqa.selenium.remote.RemoteWebDriver.execute(RemoteWebDriver.java:531)
	at org.openqa.selenium.remote.ElementLocation$ElementFinder$2.findElement(ElementLocation.java:165)
	at org.openqa.selenium.remote.ElementLocation.findElement(ElementLocation.java:59)
	at org.openqa.selenium.remote.RemoteWebDriver.findElement(RemoteWebDriver.java:350)
	at org.openqa.selenium.remote.RemoteWebDriver.findElement(RemoteWebDriver.java:344)
	at org.openqa.selenium.support.pagefactory.DefaultElementLocator.findElement(DefaultElementLocator.java:68)
	at org.openqa.selenium.support.pagefactory.internal.LocatingElementHandler.invoke(LocatingElementHandler.java:38)
	at jdk.proxy2/jdk.proxy2.$Proxy32.getText(Unknown Source)
	at pages.Admin.getSearchResultTexts(Admin.java:351)
	at Application.VerifyApplication.getSearchResultTexts(VerifyApplication.java:276)
	at java.base/jdk.internal.reflect.DirectMethodHandleAccessor.invoke(DirectMethodHandleAccessor.java:103)
	at java.base/java.lang.reflect.Method.invoke(Method.java:580)
	at org.testng.internal.MethodInvocationHelper.invokeMethod(MethodInvocationHelper.java:80)
	at org.testng.internal.Invoker.invokeMethod(Invoker.java:714)
	at org.testng.internal.Invoker.invokeTestMethod(Invoker.java:901)
	at org.testng.internal.Invoker.invokeTestMethods(Invoker.java:1231)
	at org.testng.internal.TestMethodWorker.invokeTestMethods(TestMethodWorker.java:127)
	at org.testng.internal.TestMethodWorker.run(TestMethodWorker.java:111)
	at org.testng.TestRunner.privateRun(TestRunner.java:767)
	at org.testng.TestRunner.run(TestRunner.java:617)
	at org.testng.SuiteRunner.runTest(SuiteRunner.java:334)
	at org.testng.SuiteRunner.runSequentially(SuiteRunner.java:329)
	at org.testng.SuiteRunner.privateRun(SuiteRunner.java:291)
	at org.testng.SuiteRunner.run(SuiteRunner.java:240)
	at org.testng.SuiteRunnerWorker.runSuite(SuiteRunnerWorker.java:52)
	at org.testng.SuiteRunnerWorker.run(SuiteRunnerWorker.java:86)
	at org.testng.TestNG.runSuitesSequentially(TestNG.java:1198)
	at org.testng.TestNG.runSuitesLocally(TestNG.java:1123)
	at org.testng.TestNG.run(TestNG.java:1031)
	at org.testng.remote.AbstractRemoteTestNG.run(AbstractRemoteTestNG.java:115)
	at org.testng.remote.RemoteTestNG.initAndRun(RemoteTestNG.java:293)
	at org.testng.remote.RemoteTestNG.main(RemoteTestNG.java:91)
</textarea>
          
        </td>
      </tr>
  </tbody>
</table>
</div>
          </div>
        </li>
        <li class="test-item"  status="fail" test-id="15"
          author=""
          tag=""
          device="">
          <div class="test-detail">
            <p class="name">clickonEntitiesActionButton</p>
            <p class="text-sm">
              <span>5:01:38 PM</span> / <span>00:02:00:689</span>
              <span class="badge fail-bg log float-right">Fail</span>
            </p>
          </div>
          <div class="test-contents d-none">
<div class="detail-head">
<div class="p-v-10">
<div class="info">
<h5 class="test-status text-fail">clickonEntitiesActionButton</h5>
<span class='badge badge-success'>03.24.2025 5:01:38 PM</span>
<span class='badge badge-danger'>03.24.2025 5:03:39 PM</span>
<span class='badge badge-default'>00:02:00:689</span>
&middot; <span class='uri-anchor badge badge-default'>#test-id=15</span>
<span class='badge badge-default pointer float-right ml-1 et'><i class="fa fa-chevron-down"></i></span>
<span class='badge badge-default pointer float-right ct'><i class="fa fa-chevron-up"></i></span>
</div>
</div>
</div>    <div class="row mb-3"><div class="col-md-3">
<img data-featherlight='C:\Users\Lenovo\Downloads\Automation_Projects\Automation_Projects/Screenshots/clickonEntitiesActionButton.png' src="C:\Users\Lenovo\Downloads\Automation_Projects\Automation_Projects/Screenshots/clickonEntitiesActionButton.png">
    
    </div></div>
<div class="detail-body mt-4">
<table class="table table-sm">
  <thead><tr><th class="status-col">Status</th><th class="timestamp-col">Timestamp</th><th class="details-col">Details</th></tr></thead>
  <tbody>
      <tr class="event-row">
        <td><span class="badge log info-bg">Info</span></td>
        <td>5:01:38 PM</td>
        <td>
          clickonEntitiesActionButton
        </td>
      </tr>
      <tr class="event-row">
        <td><span class="badge log fail-bg">Fail</span></td>
        <td>5:03:39 PM</td>
        <td>
          Test Failed: clickonEntitiesActionButton
        </td>
      </tr>
      <tr class="event-row">
        <td><span class="badge log fail-bg">Fail</span></td>
        <td>5:03:39 PM</td>
        <td>
          <textarea readonly class="code-block">org.openqa.selenium.NoSuchElementException: no such element: Unable to locate element: {"method":"xpath","selector":" (//span[contains(@class, 'mat-mdc-button-touch-target')])[16]"}
  (Session info: MicrosoftEdge=134.0.3124.72)
For documentation on this error, please visit: https://www.selenium.dev/documentation/webdriver/troubleshooting/errors#no-such-element-exception
Build info: version: '4.10.0', revision: 'c14d967899'
System info: os.name: 'Windows 11', os.arch: 'amd64', os.version: '10.0', java.version: '22.0.1'
Driver info: org.openqa.selenium.edge.EdgeDriver
Command: [f27261d1dc4110724dab82d1f4938189, findElement {using=xpath, value= (//span[contains(@class, 'mat-mdc-button-touch-target')])[16]}]
Capabilities {acceptInsecureCerts: false, browserName: MicrosoftEdge, browserVersion: 134.0.3124.72, fedcm:accounts: true, ms:edgeOptions: {debuggerAddress: localhost:51512}, msedge: {msedgedriverVersion: 134.0.3124.83 (b4ff70c9d7db..., userDataDir: C:\Users\Lenovo\AppData\Loc...}, networkConnectionEnabled: false, pageLoadStrategy: normal, platformName: windows, proxy: Proxy(), se:cdp: ws://localhost:51512/devtoo..., se:cdpVersion: 134.0.3124.72, setWindowRect: true, strictFileInteractability: false, timeouts: {implicit: 0, pageLoad: 300000, script: 30000}, unhandledPromptBehavior: dismiss and notify, webauthn:extension:credBlob: true, webauthn:extension:largeBlob: true, webauthn:extension:minPinLength: true, webauthn:extension:prf: true, webauthn:virtualAuthenticators: true}
Session ID: f27261d1dc4110724dab82d1f4938189
	at java.base/jdk.internal.reflect.DirectConstructorHandleAccessor.newInstance(DirectConstructorHandleAccessor.java:62)
	at java.base/java.lang.reflect.Constructor.newInstanceWithCaller(Constructor.java:502)
	at java.base/java.lang.reflect.Constructor.newInstance(Constructor.java:486)
	at org.openqa.selenium.remote.codec.w3c.W3CHttpResponseCodec.createException(W3CHttpResponseCodec.java:199)
	at org.openqa.selenium.remote.codec.w3c.W3CHttpResponseCodec.decode(W3CHttpResponseCodec.java:132)
	at org.openqa.selenium.remote.codec.w3c.W3CHttpResponseCodec.decode(W3CHttpResponseCodec.java:51)
	at org.openqa.selenium.remote.HttpCommandExecutor.execute(HttpCommandExecutor.java:191)
	at org.openqa.selenium.remote.service.DriverCommandExecutor.invokeExecute(DriverCommandExecutor.java:196)
	at org.openqa.selenium.remote.service.DriverCommandExecutor.execute(DriverCommandExecutor.java:171)
	at org.openqa.selenium.remote.RemoteWebDriver.execute(RemoteWebDriver.java:531)
	at org.openqa.selenium.remote.ElementLocation$ElementFinder$2.findElement(ElementLocation.java:165)
	at org.openqa.selenium.remote.ElementLocation.findElement(ElementLocation.java:59)
	at org.openqa.selenium.remote.RemoteWebDriver.findElement(RemoteWebDriver.java:350)
	at org.openqa.selenium.remote.RemoteWebDriver.findElement(RemoteWebDriver.java:344)
	at org.openqa.selenium.support.pagefactory.DefaultElementLocator.findElement(DefaultElementLocator.java:68)
	at org.openqa.selenium.support.pagefactory.internal.LocatingElementHandler.invoke(LocatingElementHandler.java:38)
	at jdk.proxy2/jdk.proxy2.$Proxy32.click(Unknown Source)
	at pages.Admin.clickonEntitiesActionButton(Admin.java:355)
	at Application.VerifyApplication.clickonEntitiesActionButton(VerifyApplication.java:303)
	at java.base/jdk.internal.reflect.DirectMethodHandleAccessor.invoke(DirectMethodHandleAccessor.java:103)
	at java.base/java.lang.reflect.Method.invoke(Method.java:580)
	at org.testng.internal.MethodInvocationHelper.invokeMethod(MethodInvocationHelper.java:80)
	at org.testng.internal.Invoker.invokeMethod(Invoker.java:714)
	at org.testng.internal.Invoker.invokeTestMethod(Invoker.java:901)
	at org.testng.internal.Invoker.invokeTestMethods(Invoker.java:1231)
	at org.testng.internal.TestMethodWorker.invokeTestMethods(TestMethodWorker.java:127)
	at org.testng.internal.TestMethodWorker.run(TestMethodWorker.java:111)
	at org.testng.TestRunner.privateRun(TestRunner.java:767)
	at org.testng.TestRunner.run(TestRunner.java:617)
	at org.testng.SuiteRunner.runTest(SuiteRunner.java:334)
	at org.testng.SuiteRunner.runSequentially(SuiteRunner.java:329)
	at org.testng.SuiteRunner.privateRun(SuiteRunner.java:291)
	at org.testng.SuiteRunner.run(SuiteRunner.java:240)
	at org.testng.SuiteRunnerWorker.runSuite(SuiteRunnerWorker.java:52)
	at org.testng.SuiteRunnerWorker.run(SuiteRunnerWorker.java:86)
	at org.testng.TestNG.runSuitesSequentially(TestNG.java:1198)
	at org.testng.TestNG.runSuitesLocally(TestNG.java:1123)
	at org.testng.TestNG.run(TestNG.java:1031)
	at org.testng.remote.AbstractRemoteTestNG.run(AbstractRemoteTestNG.java:115)
	at org.testng.remote.RemoteTestNG.initAndRun(RemoteTestNG.java:293)
	at org.testng.remote.RemoteTestNG.main(RemoteTestNG.java:91)
</textarea>
          
        </td>
      </tr>
  </tbody>
</table>
</div>
          </div>
        </li>
        <li class="test-item"  status="fail" test-id="16"
          author=""
          tag=""
          device="">
          <div class="test-detail">
            <p class="name">clickonEntitiesFilterButton</p>
            <p class="text-sm">
              <span>5:03:39 PM</span> / <span>00:02:00:708</span>
              <span class="badge fail-bg log float-right">Fail</span>
            </p>
          </div>
          <div class="test-contents d-none">
<div class="detail-head">
<div class="p-v-10">
<div class="info">
<h5 class="test-status text-fail">clickonEntitiesFilterButton</h5>
<span class='badge badge-success'>03.24.2025 5:03:39 PM</span>
<span class='badge badge-danger'>03.24.2025 5:05:40 PM</span>
<span class='badge badge-default'>00:02:00:708</span>
&middot; <span class='uri-anchor badge badge-default'>#test-id=16</span>
<span class='badge badge-default pointer float-right ml-1 et'><i class="fa fa-chevron-down"></i></span>
<span class='badge badge-default pointer float-right ct'><i class="fa fa-chevron-up"></i></span>
</div>
</div>
</div>    <div class="row mb-3"><div class="col-md-3">
<img data-featherlight='C:\Users\Lenovo\Downloads\Automation_Projects\Automation_Projects/Screenshots/clickonEntitiesFilterButton.png' src="C:\Users\Lenovo\Downloads\Automation_Projects\Automation_Projects/Screenshots/clickonEntitiesFilterButton.png">
    
    </div></div>
<div class="detail-body mt-4">
<table class="table table-sm">
  <thead><tr><th class="status-col">Status</th><th class="timestamp-col">Timestamp</th><th class="details-col">Details</th></tr></thead>
  <tbody>
      <tr class="event-row">
        <td><span class="badge log info-bg">Info</span></td>
        <td>5:03:39 PM</td>
        <td>
          clickonEntitiesFilterButton
        </td>
      </tr>
      <tr class="event-row">
        <td><span class="badge log fail-bg">Fail</span></td>
        <td>5:05:40 PM</td>
        <td>
          Test Failed: clickonEntitiesFilterButton
        </td>
      </tr>
      <tr class="event-row">
        <td><span class="badge log fail-bg">Fail</span></td>
        <td>5:05:40 PM</td>
        <td>
          <textarea readonly class="code-block">org.openqa.selenium.NoSuchElementException: no such element: Unable to locate element: {"method":"xpath","selector":"//*[@id="core-gx-ag-grid-header-filter-button_x101_x101-service_api-services"]/div/button/span[3]"}
  (Session info: MicrosoftEdge=134.0.3124.72)
For documentation on this error, please visit: https://www.selenium.dev/documentation/webdriver/troubleshooting/errors#no-such-element-exception
Build info: version: '4.10.0', revision: 'c14d967899'
System info: os.name: 'Windows 11', os.arch: 'amd64', os.version: '10.0', java.version: '22.0.1'
Driver info: org.openqa.selenium.edge.EdgeDriver
Command: [f27261d1dc4110724dab82d1f4938189, findElement {using=xpath, value=//*[@id="core-gx-ag-grid-header-filter-button_x101_x101-service_api-services"]/div/button/span[3]}]
Capabilities {acceptInsecureCerts: false, browserName: MicrosoftEdge, browserVersion: 134.0.3124.72, fedcm:accounts: true, ms:edgeOptions: {debuggerAddress: localhost:51512}, msedge: {msedgedriverVersion: 134.0.3124.83 (b4ff70c9d7db..., userDataDir: C:\Users\Lenovo\AppData\Loc...}, networkConnectionEnabled: false, pageLoadStrategy: normal, platformName: windows, proxy: Proxy(), se:cdp: ws://localhost:51512/devtoo..., se:cdpVersion: 134.0.3124.72, setWindowRect: true, strictFileInteractability: false, timeouts: {implicit: 0, pageLoad: 300000, script: 30000}, unhandledPromptBehavior: dismiss and notify, webauthn:extension:credBlob: true, webauthn:extension:largeBlob: true, webauthn:extension:minPinLength: true, webauthn:extension:prf: true, webauthn:virtualAuthenticators: true}
Session ID: f27261d1dc4110724dab82d1f4938189
	at java.base/jdk.internal.reflect.DirectConstructorHandleAccessor.newInstance(DirectConstructorHandleAccessor.java:62)
	at java.base/java.lang.reflect.Constructor.newInstanceWithCaller(Constructor.java:502)
	at java.base/java.lang.reflect.Constructor.newInstance(Constructor.java:486)
	at org.openqa.selenium.remote.codec.w3c.W3CHttpResponseCodec.createException(W3CHttpResponseCodec.java:199)
	at org.openqa.selenium.remote.codec.w3c.W3CHttpResponseCodec.decode(W3CHttpResponseCodec.java:132)
	at org.openqa.selenium.remote.codec.w3c.W3CHttpResponseCodec.decode(W3CHttpResponseCodec.java:51)
	at org.openqa.selenium.remote.HttpCommandExecutor.execute(HttpCommandExecutor.java:191)
	at org.openqa.selenium.remote.service.DriverCommandExecutor.invokeExecute(DriverCommandExecutor.java:196)
	at org.openqa.selenium.remote.service.DriverCommandExecutor.execute(DriverCommandExecutor.java:171)
	at org.openqa.selenium.remote.RemoteWebDriver.execute(RemoteWebDriver.java:531)
	at org.openqa.selenium.remote.ElementLocation$ElementFinder$2.findElement(ElementLocation.java:165)
	at org.openqa.selenium.remote.ElementLocation.findElement(ElementLocation.java:59)
	at org.openqa.selenium.remote.RemoteWebDriver.findElement(RemoteWebDriver.java:350)
	at org.openqa.selenium.remote.RemoteWebDriver.findElement(RemoteWebDriver.java:344)
	at org.openqa.selenium.support.pagefactory.DefaultElementLocator.findElement(DefaultElementLocator.java:68)
	at org.openqa.selenium.support.pagefactory.internal.LocatingElementHandler.invoke(LocatingElementHandler.java:38)
	at jdk.proxy2/jdk.proxy2.$Proxy32.click(Unknown Source)
	at pages.Admin.clickonEntitiesFilterButton(Admin.java:371)
	at Application.VerifyApplication.clickonEntitiesFilterButton(VerifyApplication.java:309)
	at java.base/jdk.internal.reflect.DirectMethodHandleAccessor.invoke(DirectMethodHandleAccessor.java:103)
	at java.base/java.lang.reflect.Method.invoke(Method.java:580)
	at org.testng.internal.MethodInvocationHelper.invokeMethod(MethodInvocationHelper.java:80)
	at org.testng.internal.Invoker.invokeMethod(Invoker.java:714)
	at org.testng.internal.Invoker.invokeTestMethod(Invoker.java:901)
	at org.testng.internal.Invoker.invokeTestMethods(Invoker.java:1231)
	at org.testng.internal.TestMethodWorker.invokeTestMethods(TestMethodWorker.java:127)
	at org.testng.internal.TestMethodWorker.run(TestMethodWorker.java:111)
	at org.testng.TestRunner.privateRun(TestRunner.java:767)
	at org.testng.TestRunner.run(TestRunner.java:617)
	at org.testng.SuiteRunner.runTest(SuiteRunner.java:334)
	at org.testng.SuiteRunner.runSequentially(SuiteRunner.java:329)
	at org.testng.SuiteRunner.privateRun(SuiteRunner.java:291)
	at org.testng.SuiteRunner.run(SuiteRunner.java:240)
	at org.testng.SuiteRunnerWorker.runSuite(SuiteRunnerWorker.java:52)
	at org.testng.SuiteRunnerWorker.run(SuiteRunnerWorker.java:86)
	at org.testng.TestNG.runSuitesSequentially(TestNG.java:1198)
	at org.testng.TestNG.runSuitesLocally(TestNG.java:1123)
	at org.testng.TestNG.run(TestNG.java:1031)
	at org.testng.remote.AbstractRemoteTestNG.run(AbstractRemoteTestNG.java:115)
	at org.testng.remote.RemoteTestNG.initAndRun(RemoteTestNG.java:293)
	at org.testng.remote.RemoteTestNG.main(RemoteTestNG.java:91)
</textarea>
          
        </td>
      </tr>
  </tbody>
</table>
</div>
          </div>
        </li>
      </ul>
    </div>
  </div>
<div class="test-content scrollable">
<div class="test-content-tools">
<ul><li><a class="back-to-test" href="#"><i class="fa fa-arrow-left"></i></a></li></ul>
</div>
<div class="test-content-detail"><div class="detail-body"></div></div>
</div></div>
<div class="test-wrapper row view exception-view attributes-view">
<div class="test-list">
<div class="test-list-tools">
<ul class="tools pull-left"><li><a href=""><span class="font-size-14">Exception</span></a></li></ul>
<ul class="tools text-right"><li><a href="#"><span class="badge badge-primary">1</span></a></li></ul>
</div>
<div class="test-list-wrapper scrollable">
<ul class="test-list-item">
<li class="test-item">
<div class="test-detail">
<span class="meta">
<span class='badge log badge-danger'>15</span>
</span>
<p class="name">org.openqa.selenium.NoSuchElementException</p>
<p class="duration text-sm">15 tests</p>
</div>
<div class="test-contents d-none">
<div class="info">
<h4>org.openqa.selenium.NoSuchElementException</h4>
<span status="fail" class='badge log badge-danger'>15 failed</span>
</div>
<table class='table table-sm mt-4'>
<thead>
<tr>
<th class="status-col">Status</th>
<th class="timestamp-col">Timestamp</th>
<th>TestName</th>
</tr>
</thead>
<tbody>
<tr class="tag-test-status" status="fail">
<td><span class="badge log fail-bg">Fail</span></td>
<td>16:42:32 PM</td>
<td>
<a href="#" class="linked" test-id='2' id='2'>clickAddministrationIcon</a>
</td>
</tr>
<tr class="tag-test-status" status="fail">
<td><span class="badge log fail-bg">Fail</span></td>
<td>16:43:09 PM</td>
<td>
<a href="#" class="linked" test-id='3' id='3'>getTextOfAddministration</a>
</td>
</tr>
<tr class="tag-test-status" status="fail">
<td><span class="badge log fail-bg">Fail</span></td>
<td>16:45:12 PM</td>
<td>
<a href="#" class="linked" test-id='4' id='4'>getVerifyTextApplication</a>
</td>
</tr>
<tr class="tag-test-status" status="fail">
<td><span class="badge log fail-bg">Fail</span></td>
<td>16:47:15 PM</td>
<td>
<a href="#" class="linked" test-id='5' id='5'>clickApplicationIcon</a>
</td>
</tr>
<tr class="tag-test-status" status="fail">
<td><span class="badge log fail-bg">Fail</span></td>
<td>16:47:52 PM</td>
<td>
<a href="#" class="linked" test-id='6' id='6'>clickonApplicationSearch</a>
</td>
</tr>
<tr class="tag-test-status" status="fail">
<td><span class="badge log fail-bg">Fail</span></td>
<td>16:48:30 PM</td>
<td>
<a href="#" class="linked" test-id='7' id='7'>verifyApplicationName</a>
</td>
</tr>
<tr class="tag-test-status" status="fail">
<td><span class="badge log fail-bg">Fail</span></td>
<td>16:50:33 PM</td>
<td>
<a href="#" class="linked" test-id='8' id='8'>clickHRMSApplication</a>
</td>
</tr>
<tr class="tag-test-status" status="fail">
<td><span class="badge log fail-bg">Fail</span></td>
<td>16:52:34 PM</td>
<td>
<a href="#" class="linked" test-id='9' id='9'>getSearchResultText</a>
</td>
</tr>
<tr class="tag-test-status" status="fail">
<td><span class="badge log fail-bg">Fail</span></td>
<td>16:53:04 PM</td>
<td>
<a href="#" class="linked" test-id='10' id='10'>clicksearchResult</a>
</td>
</tr>
<tr class="tag-test-status" status="fail">
<td><span class="badge log fail-bg">Fail</span></td>
<td>16:55:05 PM</td>
<td>
<a href="#" class="linked" test-id='11' id='11'>clickonColumnName</a>
</td>
</tr>
<tr class="tag-test-status" status="fail">
<td><span class="badge log fail-bg">Fail</span></td>
<td>16:57:06 PM</td>
<td>
<a href="#" class="linked" test-id='12' id='12'>clickonEntities</a>
</td>
</tr>
<tr class="tag-test-status" status="fail">
<td><span class="badge log fail-bg">Fail</span></td>
<td>16:59:07 PM</td>
<td>
<a href="#" class="linked" test-id='13' id='13'>clickonEntitiesSearch</a>
</td>
</tr>
<tr class="tag-test-status" status="fail">
<td><span class="badge log fail-bg">Fail</span></td>
<td>17:01:08 PM</td>
<td>
<a href="#" class="linked" test-id='14' id='14'>getSearchResultTexts</a>
</td>
</tr>
<tr class="tag-test-status" status="fail">
<td><span class="badge log fail-bg">Fail</span></td>
<td>17:01:38 PM</td>
<td>
<a href="#" class="linked" test-id='15' id='15'>clickonEntitiesActionButton</a>
</td>
</tr>
<tr class="tag-test-status" status="fail">
<td><span class="badge log fail-bg">Fail</span></td>
<td>17:03:39 PM</td>
<td>
<a href="#" class="linked" test-id='16' id='16'>clickonEntitiesFilterButton</a>
</td>
</tr>
</tbody>
</table>
</div>
</li>
</ul>
</div>
</div>
<div class="test-content scrollable">
<div class="test-content-detail">
<div class="detail-body"></div>
</div>
</div>
</div><div class="container-fluid p-4 view dashboard-view">
<div class="row">
<div class="col-md-3">
<div class="card"><div class="card-body">
<p class="m-b-0">Started</p>
<h3>Mar 24, 2025 04:42:01 PM</h3>
</div></div>
</div>
<div class="col-md-3">
<div class="card"><div class="card-body">
<p class="m-b-0">Ended</p>
<h3>Mar 24, 2025 05:05:40 PM</h3>
</div></div>
</div>
<div class="col-md-3">
<div class="card"><div class="card-body">
<p class="m-b-0 text-pass">Tests Passed</p>
<h3>1</h3>
</div></div>
</div>
<div class="col-md-3">
<div class="card"><div class="card-body">
<p class="m-b-0 text-fail">Tests Failed</p>
<h3>15</h3>
</div></div>
</div>
</div>
<div class="row">
<div class="col-md-6">
<div class="card">
<div class="card-header">
<h6 class="card-title">Tests</h6>
</div>
<div class="card-body">
<div class="">
<canvas id='parent-analysis' width='115' height='90'></canvas>
</div>
</div>
<div class="card-footer">
<div><small data-tooltip='6%'>
<b>1</b> tests passed
</small>
</div>
<div>
<small data-tooltip='93%'><b>15</b> tests failed,
<b>0</b> skipped, <b data-tooltip='0%'>0</b> others
</small>
</div>
</div>
</div>
</div>
<div class="col-md-6">
<div class="card">
<div class="card-header">
<h6 class="card-title">Log events</h6>
</div>
<div class="card-body">
<div class="">
<canvas id='events-analysis' width='115' height='90'></canvas>
</div>
</div>
<div class="card-footer">
<div><small data-tooltip='2%'><b>1</b> events passed</small></div>
<div>
<small data-tooltip='66%'><b>30</b> events failed,
<b data-tooltip='%'>14</b> others
</small>
</div>
</div>
</div>
</div>
</div>
<div class="row"><div class="col-md-12">
<div class="card"><div class="card-header"><p>Timeline</p></div>
<div class="card-body pt-0"><div>
<canvas id="timeline" height="120"></canvas>
</div></div>
</div>
</div></div>
<script>
var timeline = {
"clickSetting":22.687,"clickAddministrationIcon":36.601,"getTextOfAddministration":122.703,"getVerifyTextApplication":122.717,"clickApplicationIcon":36.288,"clickonApplicationSearch":38.376,"verifyApplicationName":122.709,"clickHRMSApplication":120.672,"getSearchResultText":30.028,"clicksearchResult":120.673,"clickonColumnName":120.728,"clickonEntities":120.663,"clickonEntitiesSearch":120.682,"getSearchResultTexts":30.091,"clickonEntitiesActionButton":120.689,"clickonEntitiesFilterButton":120.708
};
</script>
<div class="row">
<div class="col-lg-6 col-md-12 sysenv-container">
<div class="card">
<div class="card-header"><p>System/Environment</p></div>
<div class="card-body pb-0 pt-0"><table class="table table-sm table-bordered">
<thead><tr class="bg-gray"><th>Name</th><th>Value</th></tr></thead>
<tbody>
<tr>
<td>Environment</td>
<td>Demo</td>
</tr>
<tr>
<td>Tester</td>
<td>Abhishek Yadav</td>
</tr>
<tr>
<td>Browser</td>
<td>Chrome</td>
</tr>
</tbody>
</table></div>
</div>
</div>
</div>
</div>
<script>
var statusGroup = {
parentCount: 5,
passParent: 1,
failParent: 15,
warningParent: 0,
skipParent: 0,
childCount: 5,
passChild: 0,
failChild: 0,
warningChild: 0,
skipChild: 0,
infoChild: 0,
grandChildCount: 5,
passGrandChild: 0,
failGrandChild: 0,
warningGrandChild: 0,
skipGrandChild: 0,
infoGrandChild: 0,
eventsCount: 5,
passEvents: 1,
failEvents: 30,
warningEvents: 0,
skipEvents: 0,
infoEvents: 14
};
</script>        </div>
      </div>
    </div>
  </div>
<script src="https://cdn.jsdelivr.net/gh/extent-framework/extent-github-cdn@d6562a79075e061305ccfdb82f01e5e195e2d307/spark/js/spark-script.js"></script>
<script type="text/javascript"></script></body>
</html>